mode: set
github.com/raahii/golang-grpc-realworld-example/auth/auth.go:22.45,24.2 1 0
github.com/raahii/golang-grpc-realworld-example/auth/auth.go:27.66,30.2 1 0
github.com/raahii/golang-grpc-realworld-example/auth/auth.go:32.60,42.16 4 0
github.com/raahii/golang-grpc-realworld-example/auth/auth.go:42.16,44.3 1 0
github.com/raahii/golang-grpc-realworld-example/auth/auth.go:46.2,46.15 1 0
github.com/raahii/golang-grpc-realworld-example/auth/auth.go:50.51,52.16 2 0
github.com/raahii/golang-grpc-realworld-example/auth/auth.go:52.16,54.3 1 0
github.com/raahii/golang-grpc-realworld-example/auth/auth.go:56.2,56.104 1 0
github.com/raahii/golang-grpc-realworld-example/auth/auth.go:56.104,58.3 1 0
github.com/raahii/golang-grpc-realworld-example/auth/auth.go:59.2,59.18 1 0
github.com/raahii/golang-grpc-realworld-example/auth/auth.go:59.18,60.47 1 0
github.com/raahii/golang-grpc-realworld-example/auth/auth.go:60.47,61.51 1 0
github.com/raahii/golang-grpc-realworld-example/auth/auth.go:61.51,63.5 1 0
github.com/raahii/golang-grpc-realworld-example/auth/auth.go:63.10,63.89 1 0
github.com/raahii/golang-grpc-realworld-example/auth/auth.go:63.89,65.5 1 0
github.com/raahii/golang-grpc-realworld-example/auth/auth.go:65.10,67.5 1 0
github.com/raahii/golang-grpc-realworld-example/auth/auth.go:68.9,70.4 1 0
github.com/raahii/golang-grpc-realworld-example/auth/auth.go:73.2,74.9 2 0
github.com/raahii/golang-grpc-realworld-example/auth/auth.go:74.9,76.3 1 0
github.com/raahii/golang-grpc-realworld-example/auth/auth.go:78.2,78.37 1 0
github.com/raahii/golang-grpc-realworld-example/auth/auth.go:78.37,80.3 1 0
github.com/raahii/golang-grpc-realworld-example/auth/auth.go:82.2,82.22 1 0
github.com/raahii/golang-grpc-realworld-example/server.go:23.13,28.16 4 0
github.com/raahii/golang-grpc-realworld-example/server.go:28.16,31.3 2 0
github.com/raahii/golang-grpc-realworld-example/server.go:32.2,37.16 3 0
github.com/raahii/golang-grpc-realworld-example/server.go:37.16,39.3 1 0
github.com/raahii/golang-grpc-realworld-example/server.go:41.2,47.16 5 0
github.com/raahii/golang-grpc-realworld-example/server.go:47.16,49.3 1 0
github.com/raahii/golang-grpc-realworld-example/server.go:51.2,59.37 5 0
github.com/raahii/golang-grpc-realworld-example/server.go:59.37,61.3 1 0
github.com/raahii/golang-grpc-realworld-example/db/seed/seed.go:10.13,13.16 2 0
github.com/raahii/golang-grpc-realworld-example/db/seed/seed.go:13.16,15.3 1 0
github.com/raahii/golang-grpc-realworld-example/db/seed/seed.go:17.2,17.35 1 0
github.com/raahii/golang-grpc-realworld-example/db/seed/seed.go:17.35,19.3 1 0
github.com/raahii/golang-grpc-realworld-example/db/db.go:25.28,27.16 2 0
github.com/raahii/golang-grpc-realworld-example/db/db.go:27.16,29.3 1 0
github.com/raahii/golang-grpc-realworld-example/db/db.go:31.2,32.16 2 0
github.com/raahii/golang-grpc-realworld-example/db/db.go:32.16,34.3 1 0
github.com/raahii/golang-grpc-realworld-example/db/db.go:36.2,37.20 2 0
github.com/raahii/golang-grpc-realworld-example/db/db.go:37.20,39.3 1 0
github.com/raahii/golang-grpc-realworld-example/db/db.go:41.2,42.16 2 0
github.com/raahii/golang-grpc-realworld-example/db/db.go:42.16,44.3 1 0
github.com/raahii/golang-grpc-realworld-example/db/db.go:46.2,47.16 2 0
github.com/raahii/golang-grpc-realworld-example/db/db.go:47.16,49.3 1 0
github.com/raahii/golang-grpc-realworld-example/db/db.go:51.2,55.50 2 0
github.com/raahii/golang-grpc-realworld-example/db/db.go:59.30,61.16 2 0
github.com/raahii/golang-grpc-realworld-example/db/db.go:61.16,63.3 1 0
github.com/raahii/golang-grpc-realworld-example/db/db.go:65.2,66.26 2 0
github.com/raahii/golang-grpc-realworld-example/db/db.go:66.26,68.17 2 0
github.com/raahii/golang-grpc-realworld-example/db/db.go:68.17,69.9 1 0
github.com/raahii/golang-grpc-realworld-example/db/db.go:71.3,71.30 1 0
github.com/raahii/golang-grpc-realworld-example/db/db.go:74.2,74.16 1 0
github.com/raahii/golang-grpc-realworld-example/db/db.go:74.16,76.3 1 0
github.com/raahii/golang-grpc-realworld-example/db/db.go:78.2,81.15 3 0
github.com/raahii/golang-grpc-realworld-example/db/db.go:85.36,87.16 2 0
github.com/raahii/golang-grpc-realworld-example/db/db.go:87.16,89.3 1 0
github.com/raahii/golang-grpc-realworld-example/db/db.go:91.2,92.16 2 0
github.com/raahii/golang-grpc-realworld-example/db/db.go:92.16,94.3 1 0
github.com/raahii/golang-grpc-realworld-example/db/db.go:96.2,97.22 2 0
github.com/raahii/golang-grpc-realworld-example/db/db.go:97.22,99.17 2 0
github.com/raahii/golang-grpc-realworld-example/db/db.go:99.17,101.4 1 0
github.com/raahii/golang-grpc-realworld-example/db/db.go:102.3,105.25 3 0
github.com/raahii/golang-grpc-realworld-example/db/db.go:107.2,110.16 3 0
github.com/raahii/golang-grpc-realworld-example/db/db.go:110.16,112.3 1 0
github.com/raahii/golang-grpc-realworld-example/db/db.go:114.2,115.16 2 0
github.com/raahii/golang-grpc-realworld-example/db/db.go:115.16,117.3 1 0
github.com/raahii/golang-grpc-realworld-example/db/db.go:119.2,122.15 3 0
github.com/raahii/golang-grpc-realworld-example/db/db.go:126.35,129.2 2 0
github.com/raahii/golang-grpc-realworld-example/db/db.go:132.37,139.16 2 0
github.com/raahii/golang-grpc-realworld-example/db/db.go:139.16,141.3 1 0
github.com/raahii/golang-grpc-realworld-example/db/db.go:142.2,142.12 1 0
github.com/raahii/golang-grpc-realworld-example/db/db.go:146.30,152.16 3 0
github.com/raahii/golang-grpc-realworld-example/db/db.go:152.16,154.3 1 0
github.com/raahii/golang-grpc-realworld-example/db/db.go:156.2,156.59 1 0
github.com/raahii/golang-grpc-realworld-example/db/db.go:156.59,158.3 1 0
github.com/raahii/golang-grpc-realworld-example/db/db.go:160.2,160.32 1 0
github.com/raahii/golang-grpc-realworld-example/db/db.go:160.32,161.45 1 0
github.com/raahii/golang-grpc-realworld-example/db/db.go:161.45,163.4 1 0
github.com/raahii/golang-grpc-realworld-example/db/db.go:166.2,166.12 1 0
github.com/raahii/golang-grpc-realworld-example/gateway/gateway.go:20.18,34.16 8 0
github.com/raahii/golang-grpc-realworld-example/gateway/gateway.go:34.16,36.3 1 0
github.com/raahii/golang-grpc-realworld-example/gateway/gateway.go:39.2,40.16 2 0
github.com/raahii/golang-grpc-realworld-example/gateway/gateway.go:40.16,42.3 1 0
github.com/raahii/golang-grpc-realworld-example/gateway/gateway.go:44.2,45.42 2 0
github.com/raahii/golang-grpc-realworld-example/gateway/gateway.go:48.13,52.30 3 0
github.com/raahii/golang-grpc-realworld-example/gateway/gateway.go:52.30,54.3 1 0
github.com/raahii/golang-grpc-realworld-example/store/article.go:14.49,18.2 1 0
github.com/raahii/golang-grpc-realworld-example/store/article.go:21.65,24.16 3 0
github.com/raahii/golang-grpc-realworld-example/store/article.go:24.16,26.3 1 0
github.com/raahii/golang-grpc-realworld-example/store/article.go:27.2,27.16 1 0
github.com/raahii/golang-grpc-realworld-example/store/article.go:31.55,33.2 1 0
github.com/raahii/golang-grpc-realworld-example/store/article.go:36.55,38.2 1 0
github.com/raahii/golang-grpc-realworld-example/store/article.go:41.133,45.20 2 0
github.com/raahii/golang-grpc-realworld-example/store/article.go:45.20,48.3 1 0
github.com/raahii/golang-grpc-realworld-example/store/article.go:51.2,51.19 1 0
github.com/raahii/golang-grpc-realworld-example/store/article.go:51.19,56.3 1 0
github.com/raahii/golang-grpc-realworld-example/store/article.go:59.2,59.24 1 0
github.com/raahii/golang-grpc-realworld-example/store/article.go:59.24,64.17 2 0
github.com/raahii/golang-grpc-realworld-example/store/article.go:64.17,66.4 1 0
github.com/raahii/golang-grpc-realworld-example/store/article.go:67.3,70.19 3 0
github.com/raahii/golang-grpc-realworld-example/store/article.go:70.19,74.4 3 0
github.com/raahii/golang-grpc-realworld-example/store/article.go:75.3,75.32 1 0
github.com/raahii/golang-grpc-realworld-example/store/article.go:79.2,84.16 4 0
github.com/raahii/golang-grpc-realworld-example/store/article.go:88.102,99.2 5 0
github.com/raahii/golang-grpc-realworld-example/store/article.go:102.55,104.2 1 0
github.com/raahii/golang-grpc-realworld-example/store/article.go:107.83,108.26 1 0
github.com/raahii/golang-grpc-realworld-example/store/article.go:108.26,110.3 1 0
github.com/raahii/golang-grpc-realworld-example/store/article.go:112.2,116.16 3 0
github.com/raahii/golang-grpc-realworld-example/store/article.go:116.16,118.3 1 0
github.com/raahii/golang-grpc-realworld-example/store/article.go:120.2,120.23 1 0
github.com/raahii/golang-grpc-realworld-example/store/article.go:124.75,129.16 3 0
github.com/raahii/golang-grpc-realworld-example/store/article.go:129.16,132.3 2 0
github.com/raahii/golang-grpc-realworld-example/store/article.go:134.2,136.16 2 0
github.com/raahii/golang-grpc-realworld-example/store/article.go:136.16,139.3 2 0
github.com/raahii/golang-grpc-realworld-example/store/article.go:141.2,144.12 3 0
github.com/raahii/golang-grpc-realworld-example/store/article.go:148.78,153.16 3 0
github.com/raahii/golang-grpc-realworld-example/store/article.go:153.16,156.3 2 0
github.com/raahii/golang-grpc-realworld-example/store/article.go:158.2,160.16 2 0
github.com/raahii/golang-grpc-realworld-example/store/article.go:160.16,163.3 2 0
github.com/raahii/golang-grpc-realworld-example/store/article.go:165.2,168.12 3 0
github.com/raahii/golang-grpc-realworld-example/store/article.go:172.55,174.47 2 0
github.com/raahii/golang-grpc-realworld-example/store/article.go:174.47,176.3 1 0
github.com/raahii/golang-grpc-realworld-example/store/article.go:177.2,177.18 1 0
github.com/raahii/golang-grpc-realworld-example/store/article.go:181.62,183.2 1 0
github.com/raahii/golang-grpc-realworld-example/store/article.go:186.79,191.16 3 0
github.com/raahii/golang-grpc-realworld-example/store/article.go:191.16,193.3 1 0
github.com/raahii/golang-grpc-realworld-example/store/article.go:194.2,194.16 1 0
github.com/raahii/golang-grpc-realworld-example/store/article.go:198.72,201.16 3 0
github.com/raahii/golang-grpc-realworld-example/store/article.go:201.16,203.3 1 0
github.com/raahii/golang-grpc-realworld-example/store/article.go:204.2,204.16 1 0
github.com/raahii/golang-grpc-realworld-example/store/article.go:208.62,210.2 1 0
github.com/raahii/golang-grpc-realworld-example/store/user.go:14.43,18.2 1 0
github.com/raahii/golang-grpc-realworld-example/store/user.go:21.67,23.71 2 0
github.com/raahii/golang-grpc-realworld-example/store/user.go:23.71,25.3 1 0
github.com/raahii/golang-grpc-realworld-example/store/user.go:26.2,26.16 1 0
github.com/raahii/golang-grpc-realworld-example/store/user.go:30.59,32.48 2 0
github.com/raahii/golang-grpc-realworld-example/store/user.go:32.48,34.3 1 0
github.com/raahii/golang-grpc-realworld-example/store/user.go:35.2,35.16 1 0
github.com/raahii/golang-grpc-realworld-example/store/user.go:39.73,41.77 2 0
github.com/raahii/golang-grpc-realworld-example/store/user.go:41.77,43.3 1 0
github.com/raahii/golang-grpc-realworld-example/store/user.go:44.2,44.16 1 0
github.com/raahii/golang-grpc-realworld-example/store/user.go:48.49,50.2 1 0
github.com/raahii/golang-grpc-realworld-example/store/user.go:53.49,55.2 1 0
github.com/raahii/golang-grpc-realworld-example/store/user.go:58.77,59.26 1 0
github.com/raahii/golang-grpc-realworld-example/store/user.go:59.26,61.3 1 0
github.com/raahii/golang-grpc-realworld-example/store/user.go:63.2,67.16 3 0
github.com/raahii/golang-grpc-realworld-example/store/user.go:67.16,69.3 1 0
github.com/raahii/golang-grpc-realworld-example/store/user.go:71.2,71.23 1 0
github.com/raahii/golang-grpc-realworld-example/store/user.go:75.64,77.2 1 0
github.com/raahii/golang-grpc-realworld-example/store/user.go:80.66,82.2 1 0
github.com/raahii/golang-grpc-realworld-example/store/user.go:85.72,90.16 2 0
github.com/raahii/golang-grpc-realworld-example/store/user.go:90.16,92.3 1 0
github.com/raahii/golang-grpc-realworld-example/store/user.go:93.2,96.18 3 0
github.com/raahii/golang-grpc-realworld-example/store/user.go:96.18,100.3 3 0
github.com/raahii/golang-grpc-realworld-example/store/user.go:102.2,102.17 1 0
github.com/raahii/golang-grpc-realworld-example/model/article.go:28.35,43.2 1 0
github.com/raahii/golang-grpc-realworld-example/model/article.go:46.62,47.17 1 0
github.com/raahii/golang-grpc-realworld-example/model/article.go:47.17,49.3 1 0
github.com/raahii/golang-grpc-realworld-example/model/article.go:51.2,51.23 1 0
github.com/raahii/golang-grpc-realworld-example/model/article.go:51.23,53.3 1 0
github.com/raahii/golang-grpc-realworld-example/model/article.go:55.2,55.16 1 0
github.com/raahii/golang-grpc-realworld-example/model/article.go:55.16,57.3 1 0
github.com/raahii/golang-grpc-realworld-example/model/article.go:61.60,75.27 3 0
github.com/raahii/golang-grpc-realworld-example/model/article.go:75.27,77.3 1 0
github.com/raahii/golang-grpc-realworld-example/model/article.go:78.2,82.12 2 0
github.com/raahii/golang-grpc-realworld-example/model/comment.go:22.35,29.2 1 0
github.com/raahii/golang-grpc-realworld-example/model/comment.go:32.46,39.2 1 0
github.com/raahii/golang-grpc-realworld-example/model/user.go:27.32,44.2 1 0
github.com/raahii/golang-grpc-realworld-example/model/user.go:47.37,48.26 1 0
github.com/raahii/golang-grpc-realworld-example/model/user.go:48.26,50.3 1 0
github.com/raahii/golang-grpc-realworld-example/model/user.go:52.2,53.16 2 0
github.com/raahii/golang-grpc-realworld-example/model/user.go:53.16,55.3 1 0
github.com/raahii/golang-grpc-realworld-example/model/user.go:56.2,58.12 2 0
github.com/raahii/golang-grpc-realworld-example/model/user.go:62.49,65.2 2 0
github.com/raahii/golang-grpc-realworld-example/model/user.go:68.49,76.2 1 0
github.com/raahii/golang-grpc-realworld-example/model/user.go:79.57,86.2 1 0
github.com/raahii/golang-grpc-realworld-example/proto/article.pb.go:51.27,53.29 2 0
github.com/raahii/golang-grpc-realworld-example/proto/article.pb.go:53.29,57.3 3 0
github.com/raahii/golang-grpc-realworld-example/proto/article.pb.go:60.35,62.2 1 0
github.com/raahii/golang-grpc-realworld-example/proto/article.pb.go:64.33,64.34 0 0
github.com/raahii/golang-grpc-realworld-example/proto/article.pb.go:66.55,68.41 2 0
github.com/raahii/golang-grpc-realworld-example/proto/article.pb.go:68.41,70.34 2 0
github.com/raahii/golang-grpc-realworld-example/proto/article.pb.go:70.34,72.4 1 0
github.com/raahii/golang-grpc-realworld-example/proto/article.pb.go:73.3,73.12 1 0
github.com/raahii/golang-grpc-realworld-example/proto/article.pb.go:75.2,75.24 1 0
github.com/raahii/golang-grpc-realworld-example/proto/article.pb.go:79.46,81.2 1 0
github.com/raahii/golang-grpc-realworld-example/proto/article.pb.go:83.36,84.14 1 0
github.com/raahii/golang-grpc-realworld-example/proto/article.pb.go:84.14,86.3 1 0
github.com/raahii/golang-grpc-realworld-example/proto/article.pb.go:87.2,87.11 1 0
github.com/raahii/golang-grpc-realworld-example/proto/article.pb.go:90.37,91.14 1 0
github.com/raahii/golang-grpc-realworld-example/proto/article.pb.go:91.14,93.3 1 0
github.com/raahii/golang-grpc-realworld-example/proto/article.pb.go:94.2,94.11 1 0
github.com/raahii/golang-grpc-realworld-example/proto/article.pb.go:97.43,98.14 1 0
github.com/raahii/golang-grpc-realworld-example/proto/article.pb.go:98.14,100.3 1 0
github.com/raahii/golang-grpc-realworld-example/proto/article.pb.go:101.2,101.11 1 0
github.com/raahii/golang-grpc-realworld-example/proto/article.pb.go:104.36,105.14 1 0
github.com/raahii/golang-grpc-realworld-example/proto/article.pb.go:105.14,107.3 1 0
github.com/raahii/golang-grpc-realworld-example/proto/article.pb.go:108.2,108.11 1 0
github.com/raahii/golang-grpc-realworld-example/proto/article.pb.go:111.41,112.14 1 0
github.com/raahii/golang-grpc-realworld-example/proto/article.pb.go:112.14,114.3 1 0
github.com/raahii/golang-grpc-realworld-example/proto/article.pb.go:115.2,115.12 1 0
github.com/raahii/golang-grpc-realworld-example/proto/article.pb.go:118.41,119.14 1 0
github.com/raahii/golang-grpc-realworld-example/proto/article.pb.go:119.14,121.3 1 0
github.com/raahii/golang-grpc-realworld-example/proto/article.pb.go:122.2,122.11 1 0
github.com/raahii/golang-grpc-realworld-example/proto/article.pb.go:125.41,126.14 1 0
github.com/raahii/golang-grpc-realworld-example/proto/article.pb.go:126.14,128.3 1 0
github.com/raahii/golang-grpc-realworld-example/proto/article.pb.go:129.2,129.11 1 0
github.com/raahii/golang-grpc-realworld-example/proto/article.pb.go:132.39,133.14 1 0
github.com/raahii/golang-grpc-realworld-example/proto/article.pb.go:133.14,135.3 1 0
github.com/raahii/golang-grpc-realworld-example/proto/article.pb.go:136.2,136.14 1 0
github.com/raahii/golang-grpc-realworld-example/proto/article.pb.go:139.45,140.14 1 0
github.com/raahii/golang-grpc-realworld-example/proto/article.pb.go:140.14,142.3 1 0
github.com/raahii/golang-grpc-realworld-example/proto/article.pb.go:143.2,143.10 1 0
github.com/raahii/golang-grpc-realworld-example/proto/article.pb.go:146.40,147.14 1 0
github.com/raahii/golang-grpc-realworld-example/proto/article.pb.go:147.14,149.3 1 0
github.com/raahii/golang-grpc-realworld-example/proto/article.pb.go:150.2,150.12 1 0
github.com/raahii/golang-grpc-realworld-example/proto/article.pb.go:165.27,167.29 2 0
github.com/raahii/golang-grpc-realworld-example/proto/article.pb.go:167.29,171.3 3 0
github.com/raahii/golang-grpc-realworld-example/proto/article.pb.go:174.35,176.2 1 0
github.com/raahii/golang-grpc-realworld-example/proto/article.pb.go:178.33,178.34 0 0
github.com/raahii/golang-grpc-realworld-example/proto/article.pb.go:180.55,182.41 2 0
github.com/raahii/golang-grpc-realworld-example/proto/article.pb.go:182.41,184.34 2 0
github.com/raahii/golang-grpc-realworld-example/proto/article.pb.go:184.34,186.4 1 0
github.com/raahii/golang-grpc-realworld-example/proto/article.pb.go:187.3,187.12 1 0
github.com/raahii/golang-grpc-realworld-example/proto/article.pb.go:189.2,189.24 1 0
github.com/raahii/golang-grpc-realworld-example/proto/article.pb.go:193.46,195.2 1 0
github.com/raahii/golang-grpc-realworld-example/proto/article.pb.go:197.34,198.14 1 0
github.com/raahii/golang-grpc-realworld-example/proto/article.pb.go:198.14,200.3 1 0
github.com/raahii/golang-grpc-realworld-example/proto/article.pb.go:201.2,201.11 1 0
github.com/raahii/golang-grpc-realworld-example/proto/article.pb.go:204.41,205.14 1 0
github.com/raahii/golang-grpc-realworld-example/proto/article.pb.go:205.14,207.3 1 0
github.com/raahii/golang-grpc-realworld-example/proto/article.pb.go:208.2,208.11 1 0
github.com/raahii/golang-grpc-realworld-example/proto/article.pb.go:211.41,212.14 1 0
github.com/raahii/golang-grpc-realworld-example/proto/article.pb.go:212.14,214.3 1 0
github.com/raahii/golang-grpc-realworld-example/proto/article.pb.go:215.2,215.11 1 0
github.com/raahii/golang-grpc-realworld-example/proto/article.pb.go:218.36,219.14 1 0
github.com/raahii/golang-grpc-realworld-example/proto/article.pb.go:219.14,221.3 1 0
github.com/raahii/golang-grpc-realworld-example/proto/article.pb.go:222.2,222.11 1 0
github.com/raahii/golang-grpc-realworld-example/proto/article.pb.go:225.40,226.14 1 0
github.com/raahii/golang-grpc-realworld-example/proto/article.pb.go:226.14,228.3 1 0
github.com/raahii/golang-grpc-realworld-example/proto/article.pb.go:229.2,229.12 1 0
github.com/raahii/golang-grpc-realworld-example/proto/article.pb.go:241.40,243.29 2 0
github.com/raahii/golang-grpc-realworld-example/proto/article.pb.go:243.29,247.3 3 0
github.com/raahii/golang-grpc-realworld-example/proto/article.pb.go:250.48,252.2 1 0
github.com/raahii/golang-grpc-realworld-example/proto/article.pb.go:254.46,254.47 0 0
github.com/raahii/golang-grpc-realworld-example/proto/article.pb.go:256.68,258.41 2 0
github.com/raahii/golang-grpc-realworld-example/proto/article.pb.go:258.41,260.34 2 0
github.com/raahii/golang-grpc-realworld-example/proto/article.pb.go:260.34,262.4 1 0
github.com/raahii/golang-grpc-realworld-example/proto/article.pb.go:263.3,263.12 1 0
github.com/raahii/golang-grpc-realworld-example/proto/article.pb.go:265.2,265.24 1 0
github.com/raahii/golang-grpc-realworld-example/proto/article.pb.go:269.59,271.2 1 0
github.com/raahii/golang-grpc-realworld-example/proto/article.pb.go:273.75,274.14 1 0
github.com/raahii/golang-grpc-realworld-example/proto/article.pb.go:274.14,276.3 1 0
github.com/raahii/golang-grpc-realworld-example/proto/article.pb.go:277.2,277.12 1 0
github.com/raahii/golang-grpc-realworld-example/proto/article.pb.go:288.37,290.29 2 0
github.com/raahii/golang-grpc-realworld-example/proto/article.pb.go:290.29,294.3 3 0
github.com/raahii/golang-grpc-realworld-example/proto/article.pb.go:297.45,299.2 1 0
github.com/raahii/golang-grpc-realworld-example/proto/article.pb.go:301.43,301.44 0 0
github.com/raahii/golang-grpc-realworld-example/proto/article.pb.go:303.65,305.41 2 0
github.com/raahii/golang-grpc-realworld-example/proto/article.pb.go:305.41,307.34 2 0
github.com/raahii/golang-grpc-realworld-example/proto/article.pb.go:307.34,309.4 1 0
github.com/raahii/golang-grpc-realworld-example/proto/article.pb.go:310.3,310.12 1 0
github.com/raahii/golang-grpc-realworld-example/proto/article.pb.go:312.2,312.24 1 0
github.com/raahii/golang-grpc-realworld-example/proto/article.pb.go:316.56,318.2 1 0
github.com/raahii/golang-grpc-realworld-example/proto/article.pb.go:320.46,321.14 1 0
github.com/raahii/golang-grpc-realworld-example/proto/article.pb.go:321.14,323.3 1 0
github.com/raahii/golang-grpc-realworld-example/proto/article.pb.go:324.2,324.11 1 0
github.com/raahii/golang-grpc-realworld-example/proto/article.pb.go:339.38,341.29 2 0
github.com/raahii/golang-grpc-realworld-example/proto/article.pb.go:341.29,345.3 3 0
github.com/raahii/golang-grpc-realworld-example/proto/article.pb.go:348.46,350.2 1 0
github.com/raahii/golang-grpc-realworld-example/proto/article.pb.go:352.44,352.45 0 0
github.com/raahii/golang-grpc-realworld-example/proto/article.pb.go:354.66,356.41 2 0
github.com/raahii/golang-grpc-realworld-example/proto/article.pb.go:356.41,358.34 2 0
github.com/raahii/golang-grpc-realworld-example/proto/article.pb.go:358.34,360.4 1 0
github.com/raahii/golang-grpc-realworld-example/proto/article.pb.go:361.3,361.12 1 0
github.com/raahii/golang-grpc-realworld-example/proto/article.pb.go:363.2,363.24 1 0
github.com/raahii/golang-grpc-realworld-example/proto/article.pb.go:367.57,369.2 1 0
github.com/raahii/golang-grpc-realworld-example/proto/article.pb.go:371.46,372.14 1 0
github.com/raahii/golang-grpc-realworld-example/proto/article.pb.go:372.14,374.3 1 0
github.com/raahii/golang-grpc-realworld-example/proto/article.pb.go:375.2,375.11 1 0
github.com/raahii/golang-grpc-realworld-example/proto/article.pb.go:378.49,379.14 1 0
github.com/raahii/golang-grpc-realworld-example/proto/article.pb.go:379.14,381.3 1 0
github.com/raahii/golang-grpc-realworld-example/proto/article.pb.go:382.2,382.11 1 0
github.com/raahii/golang-grpc-realworld-example/proto/article.pb.go:385.52,386.14 1 0
github.com/raahii/golang-grpc-realworld-example/proto/article.pb.go:386.14,388.3 1 0
github.com/raahii/golang-grpc-realworld-example/proto/article.pb.go:389.2,389.11 1 0
github.com/raahii/golang-grpc-realworld-example/proto/article.pb.go:392.47,393.14 1 0
github.com/raahii/golang-grpc-realworld-example/proto/article.pb.go:393.14,395.3 1 0
github.com/raahii/golang-grpc-realworld-example/proto/article.pb.go:396.2,396.10 1 0
github.com/raahii/golang-grpc-realworld-example/proto/article.pb.go:399.48,400.14 1 0
github.com/raahii/golang-grpc-realworld-example/proto/article.pb.go:400.14,402.3 1 0
github.com/raahii/golang-grpc-realworld-example/proto/article.pb.go:403.2,403.10 1 0
github.com/raahii/golang-grpc-realworld-example/proto/article.pb.go:415.42,417.29 2 0
github.com/raahii/golang-grpc-realworld-example/proto/article.pb.go:417.29,421.3 3 0
github.com/raahii/golang-grpc-realworld-example/proto/article.pb.go:424.50,426.2 1 0
github.com/raahii/golang-grpc-realworld-example/proto/article.pb.go:428.48,428.49 0 0
github.com/raahii/golang-grpc-realworld-example/proto/article.pb.go:430.70,432.41 2 0
github.com/raahii/golang-grpc-realworld-example/proto/article.pb.go:432.41,434.34 2 0
github.com/raahii/golang-grpc-realworld-example/proto/article.pb.go:434.34,436.4 1 0
github.com/raahii/golang-grpc-realworld-example/proto/article.pb.go:437.3,437.12 1 0
github.com/raahii/golang-grpc-realworld-example/proto/article.pb.go:439.2,439.24 1 0
github.com/raahii/golang-grpc-realworld-example/proto/article.pb.go:443.61,445.2 1 0
github.com/raahii/golang-grpc-realworld-example/proto/article.pb.go:447.51,448.14 1 0
github.com/raahii/golang-grpc-realworld-example/proto/article.pb.go:448.14,450.3 1 0
github.com/raahii/golang-grpc-realworld-example/proto/article.pb.go:451.2,451.10 1 0
github.com/raahii/golang-grpc-realworld-example/proto/article.pb.go:454.52,455.14 1 0
github.com/raahii/golang-grpc-realworld-example/proto/article.pb.go:455.14,457.3 1 0
github.com/raahii/golang-grpc-realworld-example/proto/article.pb.go:458.2,458.10 1 0
github.com/raahii/golang-grpc-realworld-example/proto/article.pb.go:469.40,471.29 2 0
github.com/raahii/golang-grpc-realworld-example/proto/article.pb.go:471.29,475.3 3 0
github.com/raahii/golang-grpc-realworld-example/proto/article.pb.go:478.48,480.2 1 0
github.com/raahii/golang-grpc-realworld-example/proto/article.pb.go:482.46,482.47 0 0
github.com/raahii/golang-grpc-realworld-example/proto/article.pb.go:484.68,486.41 2 0
github.com/raahii/golang-grpc-realworld-example/proto/article.pb.go:486.41,488.34 2 0
github.com/raahii/golang-grpc-realworld-example/proto/article.pb.go:488.34,490.4 1 0
github.com/raahii/golang-grpc-realworld-example/proto/article.pb.go:491.3,491.12 1 0
github.com/raahii/golang-grpc-realworld-example/proto/article.pb.go:493.2,493.24 1 0
github.com/raahii/golang-grpc-realworld-example/proto/article.pb.go:497.59,499.2 1 0
github.com/raahii/golang-grpc-realworld-example/proto/article.pb.go:501.75,502.14 1 0
github.com/raahii/golang-grpc-realworld-example/proto/article.pb.go:502.14,504.3 1 0
github.com/raahii/golang-grpc-realworld-example/proto/article.pb.go:505.2,505.12 1 0
github.com/raahii/golang-grpc-realworld-example/proto/article.pb.go:516.40,518.29 2 0
github.com/raahii/golang-grpc-realworld-example/proto/article.pb.go:518.29,522.3 3 0
github.com/raahii/golang-grpc-realworld-example/proto/article.pb.go:525.48,527.2 1 0
github.com/raahii/golang-grpc-realworld-example/proto/article.pb.go:529.46,529.47 0 0
github.com/raahii/golang-grpc-realworld-example/proto/article.pb.go:531.68,533.41 2 0
github.com/raahii/golang-grpc-realworld-example/proto/article.pb.go:533.41,535.34 2 0
github.com/raahii/golang-grpc-realworld-example/proto/article.pb.go:535.34,537.4 1 0
github.com/raahii/golang-grpc-realworld-example/proto/article.pb.go:538.3,538.12 1 0
github.com/raahii/golang-grpc-realworld-example/proto/article.pb.go:540.2,540.24 1 0
github.com/raahii/golang-grpc-realworld-example/proto/article.pb.go:544.59,546.2 1 0
github.com/raahii/golang-grpc-realworld-example/proto/article.pb.go:548.49,549.14 1 0
github.com/raahii/golang-grpc-realworld-example/proto/article.pb.go:549.14,551.3 1 0
github.com/raahii/golang-grpc-realworld-example/proto/article.pb.go:552.2,552.11 1 0
github.com/raahii/golang-grpc-realworld-example/proto/article.pb.go:563.42,565.29 2 0
github.com/raahii/golang-grpc-realworld-example/proto/article.pb.go:565.29,569.3 3 0
github.com/raahii/golang-grpc-realworld-example/proto/article.pb.go:572.50,574.2 1 0
github.com/raahii/golang-grpc-realworld-example/proto/article.pb.go:576.48,576.49 0 0
github.com/raahii/golang-grpc-realworld-example/proto/article.pb.go:578.70,580.41 2 0
github.com/raahii/golang-grpc-realworld-example/proto/article.pb.go:580.41,582.34 2 0
github.com/raahii/golang-grpc-realworld-example/proto/article.pb.go:582.34,584.4 1 0
github.com/raahii/golang-grpc-realworld-example/proto/article.pb.go:585.3,585.12 1 0
github.com/raahii/golang-grpc-realworld-example/proto/article.pb.go:587.2,587.24 1 0
github.com/raahii/golang-grpc-realworld-example/proto/article.pb.go:591.61,593.2 1 0
github.com/raahii/golang-grpc-realworld-example/proto/article.pb.go:595.51,596.14 1 0
github.com/raahii/golang-grpc-realworld-example/proto/article.pb.go:596.14,598.3 1 0
github.com/raahii/golang-grpc-realworld-example/proto/article.pb.go:599.2,599.11 1 0
github.com/raahii/golang-grpc-realworld-example/proto/article.pb.go:610.44,612.29 2 0
github.com/raahii/golang-grpc-realworld-example/proto/article.pb.go:612.29,616.3 3 0
github.com/raahii/golang-grpc-realworld-example/proto/article.pb.go:619.52,621.2 1 0
github.com/raahii/golang-grpc-realworld-example/proto/article.pb.go:623.50,623.51 0 0
github.com/raahii/golang-grpc-realworld-example/proto/article.pb.go:625.72,627.41 2 0
github.com/raahii/golang-grpc-realworld-example/proto/article.pb.go:627.41,629.34 2 0
github.com/raahii/golang-grpc-realworld-example/proto/article.pb.go:629.34,631.4 1 0
github.com/raahii/golang-grpc-realworld-example/proto/article.pb.go:632.3,632.12 1 0
github.com/raahii/golang-grpc-realworld-example/proto/article.pb.go:634.2,634.24 1 0
github.com/raahii/golang-grpc-realworld-example/proto/article.pb.go:638.63,640.2 1 0
github.com/raahii/golang-grpc-realworld-example/proto/article.pb.go:642.53,643.14 1 0
github.com/raahii/golang-grpc-realworld-example/proto/article.pb.go:643.14,645.3 1 0
github.com/raahii/golang-grpc-realworld-example/proto/article.pb.go:646.2,646.11 1 0
github.com/raahii/golang-grpc-realworld-example/proto/article.pb.go:658.40,660.29 2 0
github.com/raahii/golang-grpc-realworld-example/proto/article.pb.go:660.29,664.3 3 0
github.com/raahii/golang-grpc-realworld-example/proto/article.pb.go:667.48,669.2 1 0
github.com/raahii/golang-grpc-realworld-example/proto/article.pb.go:671.46,671.47 0 0
github.com/raahii/golang-grpc-realworld-example/proto/article.pb.go:673.68,675.41 2 0
github.com/raahii/golang-grpc-realworld-example/proto/article.pb.go:675.41,677.34 2 0
github.com/raahii/golang-grpc-realworld-example/proto/article.pb.go:677.34,679.4 1 0
github.com/raahii/golang-grpc-realworld-example/proto/article.pb.go:680.3,680.12 1 0
github.com/raahii/golang-grpc-realworld-example/proto/article.pb.go:682.2,682.24 1 0
github.com/raahii/golang-grpc-realworld-example/proto/article.pb.go:686.59,688.2 1 0
github.com/raahii/golang-grpc-realworld-example/proto/article.pb.go:690.49,691.14 1 0
github.com/raahii/golang-grpc-realworld-example/proto/article.pb.go:691.14,693.3 1 0
github.com/raahii/golang-grpc-realworld-example/proto/article.pb.go:694.2,694.11 1 0
github.com/raahii/golang-grpc-realworld-example/proto/article.pb.go:697.75,698.14 1 0
github.com/raahii/golang-grpc-realworld-example/proto/article.pb.go:698.14,700.3 1 0
github.com/raahii/golang-grpc-realworld-example/proto/article.pb.go:701.2,701.12 1 0
github.com/raahii/golang-grpc-realworld-example/proto/article.pb.go:712.38,714.29 2 0
github.com/raahii/golang-grpc-realworld-example/proto/article.pb.go:714.29,718.3 3 0
github.com/raahii/golang-grpc-realworld-example/proto/article.pb.go:721.46,723.2 1 0
github.com/raahii/golang-grpc-realworld-example/proto/article.pb.go:725.44,725.45 0 0
github.com/raahii/golang-grpc-realworld-example/proto/article.pb.go:727.66,729.41 2 0
github.com/raahii/golang-grpc-realworld-example/proto/article.pb.go:729.41,731.34 2 0
github.com/raahii/golang-grpc-realworld-example/proto/article.pb.go:731.34,733.4 1 0
github.com/raahii/golang-grpc-realworld-example/proto/article.pb.go:734.3,734.12 1 0
github.com/raahii/golang-grpc-realworld-example/proto/article.pb.go:736.2,736.24 1 0
github.com/raahii/golang-grpc-realworld-example/proto/article.pb.go:740.57,742.2 1 0
github.com/raahii/golang-grpc-realworld-example/proto/article.pb.go:744.47,745.14 1 0
github.com/raahii/golang-grpc-realworld-example/proto/article.pb.go:745.14,747.3 1 0
github.com/raahii/golang-grpc-realworld-example/proto/article.pb.go:748.2,748.11 1 0
github.com/raahii/golang-grpc-realworld-example/proto/article.pb.go:760.40,762.29 2 0
github.com/raahii/golang-grpc-realworld-example/proto/article.pb.go:762.29,766.3 3 0
github.com/raahii/golang-grpc-realworld-example/proto/article.pb.go:769.48,771.2 1 0
github.com/raahii/golang-grpc-realworld-example/proto/article.pb.go:773.46,773.47 0 0
github.com/raahii/golang-grpc-realworld-example/proto/article.pb.go:775.68,777.41 2 0
github.com/raahii/golang-grpc-realworld-example/proto/article.pb.go:777.41,779.34 2 0
github.com/raahii/golang-grpc-realworld-example/proto/article.pb.go:779.34,781.4 1 0
github.com/raahii/golang-grpc-realworld-example/proto/article.pb.go:782.3,782.12 1 0
github.com/raahii/golang-grpc-realworld-example/proto/article.pb.go:784.2,784.24 1 0
github.com/raahii/golang-grpc-realworld-example/proto/article.pb.go:788.59,790.2 1 0
github.com/raahii/golang-grpc-realworld-example/proto/article.pb.go:792.49,793.14 1 0
github.com/raahii/golang-grpc-realworld-example/proto/article.pb.go:793.14,795.3 1 0
github.com/raahii/golang-grpc-realworld-example/proto/article.pb.go:796.2,796.11 1 0
github.com/raahii/golang-grpc-realworld-example/proto/article.pb.go:799.47,800.14 1 0
github.com/raahii/golang-grpc-realworld-example/proto/article.pb.go:800.14,802.3 1 0
github.com/raahii/golang-grpc-realworld-example/proto/article.pb.go:803.2,803.11 1 0
github.com/raahii/golang-grpc-realworld-example/proto/article.pb.go:815.35,817.29 2 0
github.com/raahii/golang-grpc-realworld-example/proto/article.pb.go:817.29,821.3 3 0
github.com/raahii/golang-grpc-realworld-example/proto/article.pb.go:824.43,826.2 1 0
github.com/raahii/golang-grpc-realworld-example/proto/article.pb.go:828.41,828.42 0 0
github.com/raahii/golang-grpc-realworld-example/proto/article.pb.go:830.63,832.41 2 0
github.com/raahii/golang-grpc-realworld-example/proto/article.pb.go:832.41,834.34 2 0
github.com/raahii/golang-grpc-realworld-example/proto/article.pb.go:834.34,836.4 1 0
github.com/raahii/golang-grpc-realworld-example/proto/article.pb.go:837.3,837.12 1 0
github.com/raahii/golang-grpc-realworld-example/proto/article.pb.go:839.2,839.24 1 0
github.com/raahii/golang-grpc-realworld-example/proto/article.pb.go:843.54,845.2 1 0
github.com/raahii/golang-grpc-realworld-example/proto/article.pb.go:847.49,848.14 1 0
github.com/raahii/golang-grpc-realworld-example/proto/article.pb.go:848.14,850.3 1 0
github.com/raahii/golang-grpc-realworld-example/proto/article.pb.go:851.2,851.12 1 0
github.com/raahii/golang-grpc-realworld-example/proto/article.pb.go:863.36,865.29 2 0
github.com/raahii/golang-grpc-realworld-example/proto/article.pb.go:865.29,869.3 3 0
github.com/raahii/golang-grpc-realworld-example/proto/article.pb.go:872.44,874.2 1 0
github.com/raahii/golang-grpc-realworld-example/proto/article.pb.go:876.42,876.43 0 0
github.com/raahii/golang-grpc-realworld-example/proto/article.pb.go:878.64,880.41 2 0
github.com/raahii/golang-grpc-realworld-example/proto/article.pb.go:880.41,882.34 2 0
github.com/raahii/golang-grpc-realworld-example/proto/article.pb.go:882.34,884.4 1 0
github.com/raahii/golang-grpc-realworld-example/proto/article.pb.go:885.3,885.12 1 0
github.com/raahii/golang-grpc-realworld-example/proto/article.pb.go:887.2,887.24 1 0
github.com/raahii/golang-grpc-realworld-example/proto/article.pb.go:891.55,893.2 1 0
github.com/raahii/golang-grpc-realworld-example/proto/article.pb.go:895.53,896.14 1 0
github.com/raahii/golang-grpc-realworld-example/proto/article.pb.go:896.14,898.3 1 0
github.com/raahii/golang-grpc-realworld-example/proto/article.pb.go:899.2,899.12 1 0
github.com/raahii/golang-grpc-realworld-example/proto/article.pb.go:902.53,903.14 1 0
github.com/raahii/golang-grpc-realworld-example/proto/article.pb.go:903.14,905.3 1 0
github.com/raahii/golang-grpc-realworld-example/proto/article.pb.go:906.2,906.10 1 0
github.com/raahii/golang-grpc-realworld-example/proto/article.pb.go:917.32,919.29 2 0
github.com/raahii/golang-grpc-realworld-example/proto/article.pb.go:919.29,923.3 3 0
github.com/raahii/golang-grpc-realworld-example/proto/article.pb.go:926.40,928.2 1 0
github.com/raahii/golang-grpc-realworld-example/proto/article.pb.go:930.38,930.39 0 0
github.com/raahii/golang-grpc-realworld-example/proto/article.pb.go:932.60,934.41 2 0
github.com/raahii/golang-grpc-realworld-example/proto/article.pb.go:934.41,936.34 2 0
github.com/raahii/golang-grpc-realworld-example/proto/article.pb.go:936.34,938.4 1 0
github.com/raahii/golang-grpc-realworld-example/proto/article.pb.go:939.3,939.12 1 0
github.com/raahii/golang-grpc-realworld-example/proto/article.pb.go:941.2,941.24 1 0
github.com/raahii/golang-grpc-realworld-example/proto/article.pb.go:945.51,947.2 1 0
github.com/raahii/golang-grpc-realworld-example/proto/article.pb.go:949.43,950.14 1 0
github.com/raahii/golang-grpc-realworld-example/proto/article.pb.go:950.14,952.3 1 0
github.com/raahii/golang-grpc-realworld-example/proto/article.pb.go:953.2,953.12 1 0
github.com/raahii/golang-grpc-realworld-example/proto/article.pb.go:964.35,966.29 2 0
github.com/raahii/golang-grpc-realworld-example/proto/article.pb.go:966.29,970.3 3 0
github.com/raahii/golang-grpc-realworld-example/proto/article.pb.go:973.43,975.2 1 0
github.com/raahii/golang-grpc-realworld-example/proto/article.pb.go:977.41,977.42 0 0
github.com/raahii/golang-grpc-realworld-example/proto/article.pb.go:979.63,981.41 2 0
github.com/raahii/golang-grpc-realworld-example/proto/article.pb.go:981.41,983.34 2 0
github.com/raahii/golang-grpc-realworld-example/proto/article.pb.go:983.34,985.4 1 0
github.com/raahii/golang-grpc-realworld-example/proto/article.pb.go:986.3,986.12 1 0
github.com/raahii/golang-grpc-realworld-example/proto/article.pb.go:988.2,988.24 1 0
github.com/raahii/golang-grpc-realworld-example/proto/article.pb.go:992.54,994.2 1 0
github.com/raahii/golang-grpc-realworld-example/proto/article.pb.go:996.49,997.14 1 0
github.com/raahii/golang-grpc-realworld-example/proto/article.pb.go:997.14,999.3 1 0
github.com/raahii/golang-grpc-realworld-example/proto/article.pb.go:1000.2,1000.12 1 0
github.com/raahii/golang-grpc-realworld-example/proto/article.pb.go:1011.36,1013.29 2 0
github.com/raahii/golang-grpc-realworld-example/proto/article.pb.go:1013.29,1017.3 3 0
github.com/raahii/golang-grpc-realworld-example/proto/article.pb.go:1020.44,1022.2 1 0
github.com/raahii/golang-grpc-realworld-example/proto/article.pb.go:1024.42,1024.43 0 0
github.com/raahii/golang-grpc-realworld-example/proto/article.pb.go:1026.64,1028.41 2 0
github.com/raahii/golang-grpc-realworld-example/proto/article.pb.go:1028.41,1030.34 2 0
github.com/raahii/golang-grpc-realworld-example/proto/article.pb.go:1030.34,1032.4 1 0
github.com/raahii/golang-grpc-realworld-example/proto/article.pb.go:1033.3,1033.12 1 0
github.com/raahii/golang-grpc-realworld-example/proto/article.pb.go:1035.2,1035.24 1 0
github.com/raahii/golang-grpc-realworld-example/proto/article.pb.go:1039.55,1041.2 1 0
github.com/raahii/golang-grpc-realworld-example/proto/article.pb.go:1043.53,1044.14 1 0
github.com/raahii/golang-grpc-realworld-example/proto/article.pb.go:1044.14,1046.3 1 0
github.com/raahii/golang-grpc-realworld-example/proto/article.pb.go:1047.2,1047.12 1 0
github.com/raahii/golang-grpc-realworld-example/proto/article.pb.go:1061.48,1063.29 2 0
github.com/raahii/golang-grpc-realworld-example/proto/article.pb.go:1063.29,1067.3 3 0
github.com/raahii/golang-grpc-realworld-example/proto/article.pb.go:1070.56,1072.2 1 0
github.com/raahii/golang-grpc-realworld-example/proto/article.pb.go:1074.54,1074.55 0 0
github.com/raahii/golang-grpc-realworld-example/proto/article.pb.go:1076.76,1078.41 2 0
github.com/raahii/golang-grpc-realworld-example/proto/article.pb.go:1078.41,1080.34 2 0
github.com/raahii/golang-grpc-realworld-example/proto/article.pb.go:1080.34,1082.4 1 0
github.com/raahii/golang-grpc-realworld-example/proto/article.pb.go:1083.3,1083.12 1 0
github.com/raahii/golang-grpc-realworld-example/proto/article.pb.go:1085.2,1085.24 1 0
github.com/raahii/golang-grpc-realworld-example/proto/article.pb.go:1089.67,1091.2 1 0
github.com/raahii/golang-grpc-realworld-example/proto/article.pb.go:1093.58,1094.14 1 0
github.com/raahii/golang-grpc-realworld-example/proto/article.pb.go:1094.14,1096.3 1 0
github.com/raahii/golang-grpc-realworld-example/proto/article.pb.go:1097.2,1097.11 1 0
github.com/raahii/golang-grpc-realworld-example/proto/article.pb.go:1100.64,1101.14 1 0
github.com/raahii/golang-grpc-realworld-example/proto/article.pb.go:1101.14,1103.3 1 0
github.com/raahii/golang-grpc-realworld-example/proto/article.pb.go:1104.2,1104.11 1 0
github.com/raahii/golang-grpc-realworld-example/proto/article.pb.go:1107.57,1108.14 1 0
github.com/raahii/golang-grpc-realworld-example/proto/article.pb.go:1108.14,1110.3 1 0
github.com/raahii/golang-grpc-realworld-example/proto/article.pb.go:1111.2,1111.11 1 0
github.com/raahii/golang-grpc-realworld-example/proto/article.pb.go:1114.62,1115.14 1 0
github.com/raahii/golang-grpc-realworld-example/proto/article.pb.go:1115.14,1117.3 1 0
github.com/raahii/golang-grpc-realworld-example/proto/article.pb.go:1118.2,1118.12 1 0
github.com/raahii/golang-grpc-realworld-example/proto/article.pb.go:1132.48,1134.29 2 0
github.com/raahii/golang-grpc-realworld-example/proto/article.pb.go:1134.29,1138.3 3 0
github.com/raahii/golang-grpc-realworld-example/proto/article.pb.go:1141.56,1143.2 1 0
github.com/raahii/golang-grpc-realworld-example/proto/article.pb.go:1145.54,1145.55 0 0
github.com/raahii/golang-grpc-realworld-example/proto/article.pb.go:1147.76,1149.41 2 0
github.com/raahii/golang-grpc-realworld-example/proto/article.pb.go:1149.41,1151.34 2 0
github.com/raahii/golang-grpc-realworld-example/proto/article.pb.go:1151.34,1153.4 1 0
github.com/raahii/golang-grpc-realworld-example/proto/article.pb.go:1154.3,1154.12 1 0
github.com/raahii/golang-grpc-realworld-example/proto/article.pb.go:1156.2,1156.24 1 0
github.com/raahii/golang-grpc-realworld-example/proto/article.pb.go:1160.67,1162.2 1 0
github.com/raahii/golang-grpc-realworld-example/proto/article.pb.go:1164.58,1165.14 1 0
github.com/raahii/golang-grpc-realworld-example/proto/article.pb.go:1165.14,1167.3 1 0
github.com/raahii/golang-grpc-realworld-example/proto/article.pb.go:1168.2,1168.11 1 0
github.com/raahii/golang-grpc-realworld-example/proto/article.pb.go:1171.64,1172.14 1 0
github.com/raahii/golang-grpc-realworld-example/proto/article.pb.go:1172.14,1174.3 1 0
github.com/raahii/golang-grpc-realworld-example/proto/article.pb.go:1175.2,1175.11 1 0
github.com/raahii/golang-grpc-realworld-example/proto/article.pb.go:1178.57,1179.14 1 0
github.com/raahii/golang-grpc-realworld-example/proto/article.pb.go:1179.14,1181.3 1 0
github.com/raahii/golang-grpc-realworld-example/proto/article.pb.go:1182.2,1182.11 1 0
github.com/raahii/golang-grpc-realworld-example/proto/article.pb.go:1185.57,1186.14 1 0
github.com/raahii/golang-grpc-realworld-example/proto/article.pb.go:1186.14,1188.3 1 0
github.com/raahii/golang-grpc-realworld-example/proto/article.pb.go:1189.2,1189.11 1 0
github.com/raahii/golang-grpc-realworld-example/proto/article.pb.go:1200.48,1202.29 2 0
github.com/raahii/golang-grpc-realworld-example/proto/article.pb.go:1202.29,1206.3 3 0
github.com/raahii/golang-grpc-realworld-example/proto/article.pb.go:1209.56,1211.2 1 0
github.com/raahii/golang-grpc-realworld-example/proto/article.pb.go:1213.54,1213.55 0 0
github.com/raahii/golang-grpc-realworld-example/proto/article.pb.go:1215.76,1217.41 2 0
github.com/raahii/golang-grpc-realworld-example/proto/article.pb.go:1217.41,1219.34 2 0
github.com/raahii/golang-grpc-realworld-example/proto/article.pb.go:1219.34,1221.4 1 0
github.com/raahii/golang-grpc-realworld-example/proto/article.pb.go:1222.3,1222.12 1 0
github.com/raahii/golang-grpc-realworld-example/proto/article.pb.go:1224.2,1224.24 1 0
github.com/raahii/golang-grpc-realworld-example/proto/article.pb.go:1228.67,1230.2 1 0
github.com/raahii/golang-grpc-realworld-example/proto/article.pb.go:1232.57,1233.14 1 0
github.com/raahii/golang-grpc-realworld-example/proto/article.pb.go:1233.14,1235.3 1 0
github.com/raahii/golang-grpc-realworld-example/proto/article.pb.go:1236.2,1236.11 1 0
github.com/raahii/golang-grpc-realworld-example/proto/article.pb.go:1447.46,1448.43 1 0
github.com/raahii/golang-grpc-realworld-example/proto/article.pb.go:1448.43,1450.3 1 0
github.com/raahii/golang-grpc-realworld-example/proto/article.pb.go:1451.2,1451.39 1 0
github.com/raahii/golang-grpc-realworld-example/proto/article.pb.go:1521.13,1521.42 1 0
github.com/raahii/golang-grpc-realworld-example/proto/article.pb.go:1522.32,1523.31 1 0
github.com/raahii/golang-grpc-realworld-example/proto/article.pb.go:1523.31,1525.3 1 0
github.com/raahii/golang-grpc-realworld-example/proto/article.pb.go:1526.2,1528.30 3 0
github.com/raahii/golang-grpc-realworld-example/proto/article.pb.go:1528.30,1529.84 1 0
github.com/raahii/golang-grpc-realworld-example/proto/article.pb.go:1529.84,1530.32 1 0
github.com/raahii/golang-grpc-realworld-example/proto/article.pb.go:1531.11,1532.20 1 0
github.com/raahii/golang-grpc-realworld-example/proto/article.pb.go:1533.11,1534.24 1 0
github.com/raahii/golang-grpc-realworld-example/proto/article.pb.go:1535.11,1536.28 1 0
github.com/raahii/golang-grpc-realworld-example/proto/article.pb.go:1537.12,1538.15 1 0
github.com/raahii/golang-grpc-realworld-example/proto/article.pb.go:1541.3,1541.84 1 0
github.com/raahii/golang-grpc-realworld-example/proto/article.pb.go:1541.84,1542.32 1 0
github.com/raahii/golang-grpc-realworld-example/proto/article.pb.go:1543.11,1544.20 1 0
github.com/raahii/golang-grpc-realworld-example/proto/article.pb.go:1545.11,1546.24 1 0
github.com/raahii/golang-grpc-realworld-example/proto/article.pb.go:1547.11,1548.28 1 0
github.com/raahii/golang-grpc-realworld-example/proto/article.pb.go:1549.12,1550.15 1 0
github.com/raahii/golang-grpc-realworld-example/proto/article.pb.go:1553.3,1553.84 1 0
github.com/raahii/golang-grpc-realworld-example/proto/article.pb.go:1553.84,1554.45 1 0
github.com/raahii/golang-grpc-realworld-example/proto/article.pb.go:1555.11,1556.20 1 0
github.com/raahii/golang-grpc-realworld-example/proto/article.pb.go:1557.11,1558.24 1 0
github.com/raahii/golang-grpc-realworld-example/proto/article.pb.go:1559.11,1560.28 1 0
github.com/raahii/golang-grpc-realworld-example/proto/article.pb.go:1561.12,1562.15 1 0
github.com/raahii/golang-grpc-realworld-example/proto/article.pb.go:1565.3,1565.84 1 0
github.com/raahii/golang-grpc-realworld-example/proto/article.pb.go:1565.84,1566.42 1 0
github.com/raahii/golang-grpc-realworld-example/proto/article.pb.go:1567.11,1568.20 1 0
github.com/raahii/golang-grpc-realworld-example/proto/article.pb.go:1569.11,1570.24 1 0
github.com/raahii/golang-grpc-realworld-example/proto/article.pb.go:1571.11,1572.28 1 0
github.com/raahii/golang-grpc-realworld-example/proto/article.pb.go:1573.12,1574.15 1 0
github.com/raahii/golang-grpc-realworld-example/proto/article.pb.go:1577.3,1577.84 1 0
github.com/raahii/golang-grpc-realworld-example/proto/article.pb.go:1577.84,1578.43 1 0
github.com/raahii/golang-grpc-realworld-example/proto/article.pb.go:1579.11,1580.20 1 0
github.com/raahii/golang-grpc-realworld-example/proto/article.pb.go:1581.11,1582.24 1 0
github.com/raahii/golang-grpc-realworld-example/proto/article.pb.go:1583.11,1584.28 1 0
github.com/raahii/golang-grpc-realworld-example/proto/article.pb.go:1585.12,1586.15 1 0
github.com/raahii/golang-grpc-realworld-example/proto/article.pb.go:1589.3,1589.84 1 0
github.com/raahii/golang-grpc-realworld-example/proto/article.pb.go:1589.84,1590.47 1 0
github.com/raahii/golang-grpc-realworld-example/proto/article.pb.go:1591.11,1592.20 1 0
github.com/raahii/golang-grpc-realworld-example/proto/article.pb.go:1593.11,1594.24 1 0
github.com/raahii/golang-grpc-realworld-example/proto/article.pb.go:1595.11,1596.28 1 0
github.com/raahii/golang-grpc-realworld-example/proto/article.pb.go:1597.12,1598.15 1 0
github.com/raahii/golang-grpc-realworld-example/proto/article.pb.go:1601.3,1601.84 1 0
github.com/raahii/golang-grpc-realworld-example/proto/article.pb.go:1601.84,1602.45 1 0
github.com/raahii/golang-grpc-realworld-example/proto/article.pb.go:1603.11,1604.20 1 0
github.com/raahii/golang-grpc-realworld-example/proto/article.pb.go:1605.11,1606.24 1 0
github.com/raahii/golang-grpc-realworld-example/proto/article.pb.go:1607.11,1608.28 1 0
github.com/raahii/golang-grpc-realworld-example/proto/article.pb.go:1609.12,1610.15 1 0
github.com/raahii/golang-grpc-realworld-example/proto/article.pb.go:1613.3,1613.84 1 0
github.com/raahii/golang-grpc-realworld-example/proto/article.pb.go:1613.84,1614.45 1 0
github.com/raahii/golang-grpc-realworld-example/proto/article.pb.go:1615.11,1616.20 1 0
github.com/raahii/golang-grpc-realworld-example/proto/article.pb.go:1617.11,1618.24 1 0
github.com/raahii/golang-grpc-realworld-example/proto/article.pb.go:1619.11,1620.28 1 0
github.com/raahii/golang-grpc-realworld-example/proto/article.pb.go:1621.12,1622.15 1 0
github.com/raahii/golang-grpc-realworld-example/proto/article.pb.go:1625.3,1625.84 1 0
github.com/raahii/golang-grpc-realworld-example/proto/article.pb.go:1625.84,1626.47 1 0
github.com/raahii/golang-grpc-realworld-example/proto/article.pb.go:1627.11,1628.20 1 0
github.com/raahii/golang-grpc-realworld-example/proto/article.pb.go:1629.11,1630.24 1 0
github.com/raahii/golang-grpc-realworld-example/proto/article.pb.go:1631.11,1632.28 1 0
github.com/raahii/golang-grpc-realworld-example/proto/article.pb.go:1633.12,1634.15 1 0
github.com/raahii/golang-grpc-realworld-example/proto/article.pb.go:1637.3,1637.84 1 0
github.com/raahii/golang-grpc-realworld-example/proto/article.pb.go:1637.84,1638.49 1 0
github.com/raahii/golang-grpc-realworld-example/proto/article.pb.go:1639.11,1640.20 1 0
github.com/raahii/golang-grpc-realworld-example/proto/article.pb.go:1641.11,1642.24 1 0
github.com/raahii/golang-grpc-realworld-example/proto/article.pb.go:1643.11,1644.28 1 0
github.com/raahii/golang-grpc-realworld-example/proto/article.pb.go:1645.12,1646.15 1 0
github.com/raahii/golang-grpc-realworld-example/proto/article.pb.go:1649.3,1649.85 1 0
github.com/raahii/golang-grpc-realworld-example/proto/article.pb.go:1649.85,1650.45 1 0
github.com/raahii/golang-grpc-realworld-example/proto/article.pb.go:1651.11,1652.20 1 0
github.com/raahii/golang-grpc-realworld-example/proto/article.pb.go:1653.11,1654.24 1 0
github.com/raahii/golang-grpc-realworld-example/proto/article.pb.go:1655.11,1656.28 1 0
github.com/raahii/golang-grpc-realworld-example/proto/article.pb.go:1657.12,1658.15 1 0
github.com/raahii/golang-grpc-realworld-example/proto/article.pb.go:1661.3,1661.85 1 0
github.com/raahii/golang-grpc-realworld-example/proto/article.pb.go:1661.85,1662.43 1 0
github.com/raahii/golang-grpc-realworld-example/proto/article.pb.go:1663.11,1664.20 1 0
github.com/raahii/golang-grpc-realworld-example/proto/article.pb.go:1665.11,1666.24 1 0
github.com/raahii/golang-grpc-realworld-example/proto/article.pb.go:1667.11,1668.28 1 0
github.com/raahii/golang-grpc-realworld-example/proto/article.pb.go:1669.12,1670.15 1 0
github.com/raahii/golang-grpc-realworld-example/proto/article.pb.go:1673.3,1673.85 1 0
github.com/raahii/golang-grpc-realworld-example/proto/article.pb.go:1673.85,1674.45 1 0
github.com/raahii/golang-grpc-realworld-example/proto/article.pb.go:1675.11,1676.20 1 0
github.com/raahii/golang-grpc-realworld-example/proto/article.pb.go:1677.11,1678.24 1 0
github.com/raahii/golang-grpc-realworld-example/proto/article.pb.go:1679.11,1680.28 1 0
github.com/raahii/golang-grpc-realworld-example/proto/article.pb.go:1681.12,1682.15 1 0
github.com/raahii/golang-grpc-realworld-example/proto/article.pb.go:1685.3,1685.85 1 0
github.com/raahii/golang-grpc-realworld-example/proto/article.pb.go:1685.85,1686.40 1 0
github.com/raahii/golang-grpc-realworld-example/proto/article.pb.go:1687.11,1688.20 1 0
github.com/raahii/golang-grpc-realworld-example/proto/article.pb.go:1689.11,1690.24 1 0
github.com/raahii/golang-grpc-realworld-example/proto/article.pb.go:1691.11,1692.28 1 0
github.com/raahii/golang-grpc-realworld-example/proto/article.pb.go:1693.12,1694.15 1 0
github.com/raahii/golang-grpc-realworld-example/proto/article.pb.go:1697.3,1697.85 1 0
github.com/raahii/golang-grpc-realworld-example/proto/article.pb.go:1697.85,1698.41 1 0
github.com/raahii/golang-grpc-realworld-example/proto/article.pb.go:1699.11,1700.20 1 0
github.com/raahii/golang-grpc-realworld-example/proto/article.pb.go:1701.11,1702.24 1 0
github.com/raahii/golang-grpc-realworld-example/proto/article.pb.go:1703.11,1704.28 1 0
github.com/raahii/golang-grpc-realworld-example/proto/article.pb.go:1705.12,1706.15 1 0
github.com/raahii/golang-grpc-realworld-example/proto/article.pb.go:1709.3,1709.85 1 0
github.com/raahii/golang-grpc-realworld-example/proto/article.pb.go:1709.85,1710.37 1 0
github.com/raahii/golang-grpc-realworld-example/proto/article.pb.go:1711.11,1712.20 1 0
github.com/raahii/golang-grpc-realworld-example/proto/article.pb.go:1713.11,1714.24 1 0
github.com/raahii/golang-grpc-realworld-example/proto/article.pb.go:1715.11,1716.28 1 0
github.com/raahii/golang-grpc-realworld-example/proto/article.pb.go:1717.12,1718.15 1 0
github.com/raahii/golang-grpc-realworld-example/proto/article.pb.go:1721.3,1721.85 1 0
github.com/raahii/golang-grpc-realworld-example/proto/article.pb.go:1721.85,1722.40 1 0
github.com/raahii/golang-grpc-realworld-example/proto/article.pb.go:1723.11,1724.20 1 0
github.com/raahii/golang-grpc-realworld-example/proto/article.pb.go:1725.11,1726.24 1 0
github.com/raahii/golang-grpc-realworld-example/proto/article.pb.go:1727.11,1728.28 1 0
github.com/raahii/golang-grpc-realworld-example/proto/article.pb.go:1729.12,1730.15 1 0
github.com/raahii/golang-grpc-realworld-example/proto/article.pb.go:1733.3,1733.85 1 0
github.com/raahii/golang-grpc-realworld-example/proto/article.pb.go:1733.85,1734.41 1 0
github.com/raahii/golang-grpc-realworld-example/proto/article.pb.go:1735.11,1736.20 1 0
github.com/raahii/golang-grpc-realworld-example/proto/article.pb.go:1737.11,1738.24 1 0
github.com/raahii/golang-grpc-realworld-example/proto/article.pb.go:1739.11,1740.28 1 0
github.com/raahii/golang-grpc-realworld-example/proto/article.pb.go:1741.12,1742.15 1 0
github.com/raahii/golang-grpc-realworld-example/proto/article.pb.go:1745.3,1745.85 1 0
github.com/raahii/golang-grpc-realworld-example/proto/article.pb.go:1745.85,1746.53 1 0
github.com/raahii/golang-grpc-realworld-example/proto/article.pb.go:1747.11,1748.20 1 0
github.com/raahii/golang-grpc-realworld-example/proto/article.pb.go:1749.11,1750.24 1 0
github.com/raahii/golang-grpc-realworld-example/proto/article.pb.go:1751.11,1752.28 1 0
github.com/raahii/golang-grpc-realworld-example/proto/article.pb.go:1753.12,1754.15 1 0
github.com/raahii/golang-grpc-realworld-example/proto/article.pb.go:1757.3,1757.85 1 0
github.com/raahii/golang-grpc-realworld-example/proto/article.pb.go:1757.85,1758.53 1 0
github.com/raahii/golang-grpc-realworld-example/proto/article.pb.go:1759.11,1760.20 1 0
github.com/raahii/golang-grpc-realworld-example/proto/article.pb.go:1761.11,1762.24 1 0
github.com/raahii/golang-grpc-realworld-example/proto/article.pb.go:1763.11,1764.28 1 0
github.com/raahii/golang-grpc-realworld-example/proto/article.pb.go:1765.12,1766.15 1 0
github.com/raahii/golang-grpc-realworld-example/proto/article.pb.go:1769.3,1769.85 1 0
github.com/raahii/golang-grpc-realworld-example/proto/article.pb.go:1769.85,1770.53 1 0
github.com/raahii/golang-grpc-realworld-example/proto/article.pb.go:1771.11,1772.20 1 0
github.com/raahii/golang-grpc-realworld-example/proto/article.pb.go:1773.11,1774.24 1 0
github.com/raahii/golang-grpc-realworld-example/proto/article.pb.go:1775.11,1776.28 1 0
github.com/raahii/golang-grpc-realworld-example/proto/article.pb.go:1777.12,1778.15 1 0
github.com/raahii/golang-grpc-realworld-example/proto/article.pb.go:1782.2,1799.34 6 0
github.com/raahii/golang-grpc-realworld-example/proto/article.pb.go:1832.68,1834.2 1 0
github.com/raahii/golang-grpc-realworld-example/proto/article.pb.go:1836.138,1839.16 3 0
github.com/raahii/golang-grpc-realworld-example/proto/article.pb.go:1839.16,1841.3 1 0
github.com/raahii/golang-grpc-realworld-example/proto/article.pb.go:1842.2,1842.17 1 0
github.com/raahii/golang-grpc-realworld-example/proto/article.pb.go:1845.143,1848.16 3 0
github.com/raahii/golang-grpc-realworld-example/proto/article.pb.go:1848.16,1850.3 1 0
github.com/raahii/golang-grpc-realworld-example/proto/article.pb.go:1851.2,1851.17 1 0
github.com/raahii/golang-grpc-realworld-example/proto/article.pb.go:1854.132,1857.16 3 0
github.com/raahii/golang-grpc-realworld-example/proto/article.pb.go:1857.16,1859.3 1 0
github.com/raahii/golang-grpc-realworld-example/proto/article.pb.go:1860.2,1860.17 1 0
github.com/raahii/golang-grpc-realworld-example/proto/article.pb.go:1863.135,1866.16 3 0
github.com/raahii/golang-grpc-realworld-example/proto/article.pb.go:1866.16,1868.3 1 0
github.com/raahii/golang-grpc-realworld-example/proto/article.pb.go:1869.2,1869.17 1 0
github.com/raahii/golang-grpc-realworld-example/proto/article.pb.go:1872.138,1875.16 3 0
github.com/raahii/golang-grpc-realworld-example/proto/article.pb.go:1875.16,1877.3 1 0
github.com/raahii/golang-grpc-realworld-example/proto/article.pb.go:1878.2,1878.17 1 0
github.com/raahii/golang-grpc-realworld-example/proto/article.pb.go:1881.128,1884.16 3 0
github.com/raahii/golang-grpc-realworld-example/proto/article.pb.go:1884.16,1886.3 1 0
github.com/raahii/golang-grpc-realworld-example/proto/article.pb.go:1887.2,1887.17 1 0
github.com/raahii/golang-grpc-realworld-example/proto/article.pb.go:1890.142,1893.16 3 0
github.com/raahii/golang-grpc-realworld-example/proto/article.pb.go:1893.16,1895.3 1 0
github.com/raahii/golang-grpc-realworld-example/proto/article.pb.go:1896.2,1896.17 1 0
github.com/raahii/golang-grpc-realworld-example/proto/article.pb.go:1899.146,1902.16 3 0
github.com/raahii/golang-grpc-realworld-example/proto/article.pb.go:1902.16,1904.3 1 0
github.com/raahii/golang-grpc-realworld-example/proto/article.pb.go:1905.2,1905.17 1 0
github.com/raahii/golang-grpc-realworld-example/proto/article.pb.go:1908.114,1911.16 3 0
github.com/raahii/golang-grpc-realworld-example/proto/article.pb.go:1911.16,1913.3 1 0
github.com/raahii/golang-grpc-realworld-example/proto/article.pb.go:1914.2,1914.17 1 0
github.com/raahii/golang-grpc-realworld-example/proto/article.pb.go:1917.138,1920.16 3 0
github.com/raahii/golang-grpc-realworld-example/proto/article.pb.go:1920.16,1922.3 1 0
github.com/raahii/golang-grpc-realworld-example/proto/article.pb.go:1923.2,1923.17 1 0
github.com/raahii/golang-grpc-realworld-example/proto/article.pb.go:1926.135,1929.16 3 0
github.com/raahii/golang-grpc-realworld-example/proto/article.pb.go:1929.16,1931.3 1 0
github.com/raahii/golang-grpc-realworld-example/proto/article.pb.go:1932.2,1932.17 1 0
github.com/raahii/golang-grpc-realworld-example/proto/article.pb.go:1935.128,1938.16 3 0
github.com/raahii/golang-grpc-realworld-example/proto/article.pb.go:1938.16,1940.3 1 0
github.com/raahii/golang-grpc-realworld-example/proto/article.pb.go:1941.2,1941.17 1 0
github.com/raahii/golang-grpc-realworld-example/proto/article.pb.go:1964.117,1966.2 1 0
github.com/raahii/golang-grpc-realworld-example/proto/article.pb.go:1967.122,1969.2 1 0
github.com/raahii/golang-grpc-realworld-example/proto/article.pb.go:1970.111,1972.2 1 0
github.com/raahii/golang-grpc-realworld-example/proto/article.pb.go:1973.114,1975.2 1 0
github.com/raahii/golang-grpc-realworld-example/proto/article.pb.go:1976.117,1978.2 1 0
github.com/raahii/golang-grpc-realworld-example/proto/article.pb.go:1979.107,1981.2 1 0
github.com/raahii/golang-grpc-realworld-example/proto/article.pb.go:1982.121,1984.2 1 0
github.com/raahii/golang-grpc-realworld-example/proto/article.pb.go:1985.125,1987.2 1 0
github.com/raahii/golang-grpc-realworld-example/proto/article.pb.go:1988.93,1990.2 1 0
github.com/raahii/golang-grpc-realworld-example/proto/article.pb.go:1991.117,1993.2 1 0
github.com/raahii/golang-grpc-realworld-example/proto/article.pb.go:1994.114,1996.2 1 0
github.com/raahii/golang-grpc-realworld-example/proto/article.pb.go:1997.107,1999.2 1 0
github.com/raahii/golang-grpc-realworld-example/proto/article.pb.go:2001.65,2003.2 1 0
github.com/raahii/golang-grpc-realworld-example/proto/article.pb.go:2005.167,2007.32 2 0
github.com/raahii/golang-grpc-realworld-example/proto/article.pb.go:2007.32,2009.3 1 0
github.com/raahii/golang-grpc-realworld-example/proto/article.pb.go:2010.2,2010.24 1 0
github.com/raahii/golang-grpc-realworld-example/proto/article.pb.go:2010.24,2012.3 1 0
github.com/raahii/golang-grpc-realworld-example/proto/article.pb.go:2013.2,2017.77 2 0
github.com/raahii/golang-grpc-realworld-example/proto/article.pb.go:2017.77,2019.3 1 0
github.com/raahii/golang-grpc-realworld-example/proto/article.pb.go:2020.2,2020.44 1 0
github.com/raahii/golang-grpc-realworld-example/proto/article.pb.go:2023.169,2025.32 2 0
github.com/raahii/golang-grpc-realworld-example/proto/article.pb.go:2025.32,2027.3 1 0
github.com/raahii/golang-grpc-realworld-example/proto/article.pb.go:2028.2,2028.24 1 0
github.com/raahii/golang-grpc-realworld-example/proto/article.pb.go:2028.24,2030.3 1 0
github.com/raahii/golang-grpc-realworld-example/proto/article.pb.go:2031.2,2035.77 2 0
github.com/raahii/golang-grpc-realworld-example/proto/article.pb.go:2035.77,2037.3 1 0
github.com/raahii/golang-grpc-realworld-example/proto/article.pb.go:2038.2,2038.44 1 0
github.com/raahii/golang-grpc-realworld-example/proto/article.pb.go:2041.164,2043.32 2 0
github.com/raahii/golang-grpc-realworld-example/proto/article.pb.go:2043.32,2045.3 1 0
github.com/raahii/golang-grpc-realworld-example/proto/article.pb.go:2046.2,2046.24 1 0
github.com/raahii/golang-grpc-realworld-example/proto/article.pb.go:2046.24,2048.3 1 0
github.com/raahii/golang-grpc-realworld-example/proto/article.pb.go:2049.2,2053.77 2 0
github.com/raahii/golang-grpc-realworld-example/proto/article.pb.go:2053.77,2055.3 1 0
github.com/raahii/golang-grpc-realworld-example/proto/article.pb.go:2056.2,2056.44 1 0
github.com/raahii/golang-grpc-realworld-example/proto/article.pb.go:2059.165,2061.32 2 0
github.com/raahii/golang-grpc-realworld-example/proto/article.pb.go:2061.32,2063.3 1 0
github.com/raahii/golang-grpc-realworld-example/proto/article.pb.go:2064.2,2064.24 1 0
github.com/raahii/golang-grpc-realworld-example/proto/article.pb.go:2064.24,2066.3 1 0
github.com/raahii/golang-grpc-realworld-example/proto/article.pb.go:2067.2,2071.77 2 0
github.com/raahii/golang-grpc-realworld-example/proto/article.pb.go:2071.77,2073.3 1 0
github.com/raahii/golang-grpc-realworld-example/proto/article.pb.go:2074.2,2074.44 1 0
github.com/raahii/golang-grpc-realworld-example/proto/article.pb.go:2077.167,2079.32 2 0
github.com/raahii/golang-grpc-realworld-example/proto/article.pb.go:2079.32,2081.3 1 0
github.com/raahii/golang-grpc-realworld-example/proto/article.pb.go:2082.2,2082.24 1 0
github.com/raahii/golang-grpc-realworld-example/proto/article.pb.go:2082.24,2084.3 1 0
github.com/raahii/golang-grpc-realworld-example/proto/article.pb.go:2085.2,2089.77 2 0
github.com/raahii/golang-grpc-realworld-example/proto/article.pb.go:2089.77,2091.3 1 0
github.com/raahii/golang-grpc-realworld-example/proto/article.pb.go:2092.2,2092.44 1 0
github.com/raahii/golang-grpc-realworld-example/proto/article.pb.go:2095.167,2097.32 2 0
github.com/raahii/golang-grpc-realworld-example/proto/article.pb.go:2097.32,2099.3 1 0
github.com/raahii/golang-grpc-realworld-example/proto/article.pb.go:2100.2,2100.24 1 0
github.com/raahii/golang-grpc-realworld-example/proto/article.pb.go:2100.24,2102.3 1 0
github.com/raahii/golang-grpc-realworld-example/proto/article.pb.go:2103.2,2107.77 2 0
github.com/raahii/golang-grpc-realworld-example/proto/article.pb.go:2107.77,2109.3 1 0
github.com/raahii/golang-grpc-realworld-example/proto/article.pb.go:2110.2,2110.44 1 0
github.com/raahii/golang-grpc-realworld-example/proto/article.pb.go:2113.169,2115.32 2 0
github.com/raahii/golang-grpc-realworld-example/proto/article.pb.go:2115.32,2117.3 1 0
github.com/raahii/golang-grpc-realworld-example/proto/article.pb.go:2118.2,2118.24 1 0
github.com/raahii/golang-grpc-realworld-example/proto/article.pb.go:2118.24,2120.3 1 0
github.com/raahii/golang-grpc-realworld-example/proto/article.pb.go:2121.2,2125.77 2 0
github.com/raahii/golang-grpc-realworld-example/proto/article.pb.go:2125.77,2127.3 1 0
github.com/raahii/golang-grpc-realworld-example/proto/article.pb.go:2128.2,2128.44 1 0
github.com/raahii/golang-grpc-realworld-example/proto/article.pb.go:2131.171,2133.32 2 0
github.com/raahii/golang-grpc-realworld-example/proto/article.pb.go:2133.32,2135.3 1 0
github.com/raahii/golang-grpc-realworld-example/proto/article.pb.go:2136.2,2136.24 1 0
github.com/raahii/golang-grpc-realworld-example/proto/article.pb.go:2136.24,2138.3 1 0
github.com/raahii/golang-grpc-realworld-example/proto/article.pb.go:2139.2,2143.77 2 0
github.com/raahii/golang-grpc-realworld-example/proto/article.pb.go:2143.77,2145.3 1 0
github.com/raahii/golang-grpc-realworld-example/proto/article.pb.go:2146.2,2146.44 1 0
github.com/raahii/golang-grpc-realworld-example/proto/article.pb.go:2149.161,2151.32 2 0
github.com/raahii/golang-grpc-realworld-example/proto/article.pb.go:2151.32,2153.3 1 0
github.com/raahii/golang-grpc-realworld-example/proto/article.pb.go:2154.2,2154.24 1 0
github.com/raahii/golang-grpc-realworld-example/proto/article.pb.go:2154.24,2156.3 1 0
github.com/raahii/golang-grpc-realworld-example/proto/article.pb.go:2157.2,2161.77 2 0
github.com/raahii/golang-grpc-realworld-example/proto/article.pb.go:2161.77,2163.3 1 0
github.com/raahii/golang-grpc-realworld-example/proto/article.pb.go:2164.2,2164.44 1 0
github.com/raahii/golang-grpc-realworld-example/proto/article.pb.go:2167.167,2169.32 2 0
github.com/raahii/golang-grpc-realworld-example/proto/article.pb.go:2169.32,2171.3 1 0
github.com/raahii/golang-grpc-realworld-example/proto/article.pb.go:2172.2,2172.24 1 0
github.com/raahii/golang-grpc-realworld-example/proto/article.pb.go:2172.24,2174.3 1 0
github.com/raahii/golang-grpc-realworld-example/proto/article.pb.go:2175.2,2179.77 2 0
github.com/raahii/golang-grpc-realworld-example/proto/article.pb.go:2179.77,2181.3 1 0
github.com/raahii/golang-grpc-realworld-example/proto/article.pb.go:2182.2,2182.44 1 0
github.com/raahii/golang-grpc-realworld-example/proto/article.pb.go:2185.165,2187.32 2 0
github.com/raahii/golang-grpc-realworld-example/proto/article.pb.go:2187.32,2189.3 1 0
github.com/raahii/golang-grpc-realworld-example/proto/article.pb.go:2190.2,2190.24 1 0
github.com/raahii/golang-grpc-realworld-example/proto/article.pb.go:2190.24,2192.3 1 0
github.com/raahii/golang-grpc-realworld-example/proto/article.pb.go:2193.2,2197.77 2 0
github.com/raahii/golang-grpc-realworld-example/proto/article.pb.go:2197.77,2199.3 1 0
github.com/raahii/golang-grpc-realworld-example/proto/article.pb.go:2200.2,2200.44 1 0
github.com/raahii/golang-grpc-realworld-example/proto/article.pb.go:2203.167,2205.32 2 0
github.com/raahii/golang-grpc-realworld-example/proto/article.pb.go:2205.32,2207.3 1 0
github.com/raahii/golang-grpc-realworld-example/proto/article.pb.go:2208.2,2208.24 1 0
github.com/raahii/golang-grpc-realworld-example/proto/article.pb.go:2208.24,2210.3 1 0
github.com/raahii/golang-grpc-realworld-example/proto/article.pb.go:2211.2,2215.77 2 0
github.com/raahii/golang-grpc-realworld-example/proto/article.pb.go:2215.77,2217.3 1 0
github.com/raahii/golang-grpc-realworld-example/proto/article.pb.go:2218.2,2218.44 1 0
github.com/raahii/golang-grpc-realworld-example/proto/article.pb.gw.go:34.208,39.17 4 0
github.com/raahii/golang-grpc-realworld-example/proto/article.pb.gw.go:39.17,41.3 1 0
github.com/raahii/golang-grpc-realworld-example/proto/article.pb.gw.go:42.2,42.93 1 0
github.com/raahii/golang-grpc-realworld-example/proto/article.pb.gw.go:42.93,44.3 1 0
github.com/raahii/golang-grpc-realworld-example/proto/article.pb.gw.go:46.2,47.27 2 0
github.com/raahii/golang-grpc-realworld-example/proto/article.pb.gw.go:51.214,56.17 4 0
github.com/raahii/golang-grpc-realworld-example/proto/article.pb.gw.go:56.17,58.3 1 0
github.com/raahii/golang-grpc-realworld-example/proto/article.pb.gw.go:59.2,59.93 1 0
github.com/raahii/golang-grpc-realworld-example/proto/article.pb.gw.go:59.93,61.3 1 0
github.com/raahii/golang-grpc-realworld-example/proto/article.pb.gw.go:63.2,64.27 2 0
github.com/raahii/golang-grpc-realworld-example/proto/article.pb.gw.go:72.210,76.40 3 0
github.com/raahii/golang-grpc-realworld-example/proto/article.pb.gw.go:76.40,78.3 1 0
github.com/raahii/golang-grpc-realworld-example/proto/article.pb.gw.go:79.2,79.112 1 0
github.com/raahii/golang-grpc-realworld-example/proto/article.pb.gw.go:79.112,81.3 1 0
github.com/raahii/golang-grpc-realworld-example/proto/article.pb.gw.go:83.2,84.27 2 0
github.com/raahii/golang-grpc-realworld-example/proto/article.pb.gw.go:88.216,92.119 3 0
github.com/raahii/golang-grpc-realworld-example/proto/article.pb.gw.go:92.119,94.3 1 0
github.com/raahii/golang-grpc-realworld-example/proto/article.pb.gw.go:96.2,97.27 2 0
github.com/raahii/golang-grpc-realworld-example/proto/article.pb.gw.go:101.205,113.9 5 0
github.com/raahii/golang-grpc-realworld-example/proto/article.pb.gw.go:113.9,115.3 1 0
github.com/raahii/golang-grpc-realworld-example/proto/article.pb.gw.go:117.2,119.16 2 0
github.com/raahii/golang-grpc-realworld-example/proto/article.pb.gw.go:119.16,121.3 1 0
github.com/raahii/golang-grpc-realworld-example/proto/article.pb.gw.go:123.2,124.27 2 0
github.com/raahii/golang-grpc-realworld-example/proto/article.pb.gw.go:128.211,140.9 5 0
github.com/raahii/golang-grpc-realworld-example/proto/article.pb.gw.go:140.9,142.3 1 0
github.com/raahii/golang-grpc-realworld-example/proto/article.pb.gw.go:144.2,146.16 2 0
github.com/raahii/golang-grpc-realworld-example/proto/article.pb.gw.go:146.16,148.3 1 0
github.com/raahii/golang-grpc-realworld-example/proto/article.pb.gw.go:150.2,151.27 2 0
github.com/raahii/golang-grpc-realworld-example/proto/article.pb.gw.go:159.206,163.40 3 0
github.com/raahii/golang-grpc-realworld-example/proto/article.pb.gw.go:163.40,165.3 1 0
github.com/raahii/golang-grpc-realworld-example/proto/article.pb.gw.go:166.2,166.108 1 0
github.com/raahii/golang-grpc-realworld-example/proto/article.pb.gw.go:166.108,168.3 1 0
github.com/raahii/golang-grpc-realworld-example/proto/article.pb.gw.go:170.2,171.27 2 0
github.com/raahii/golang-grpc-realworld-example/proto/article.pb.gw.go:175.212,179.115 3 0
github.com/raahii/golang-grpc-realworld-example/proto/article.pb.gw.go:179.115,181.3 1 0
github.com/raahii/golang-grpc-realworld-example/proto/article.pb.gw.go:183.2,184.27 2 0
github.com/raahii/golang-grpc-realworld-example/proto/article.pb.gw.go:188.208,193.17 4 0
github.com/raahii/golang-grpc-realworld-example/proto/article.pb.gw.go:193.17,195.3 1 0
github.com/raahii/golang-grpc-realworld-example/proto/article.pb.gw.go:196.2,196.93 1 0
github.com/raahii/golang-grpc-realworld-example/proto/article.pb.gw.go:196.93,198.3 1 0
github.com/raahii/golang-grpc-realworld-example/proto/article.pb.gw.go:200.2,208.9 3 0
github.com/raahii/golang-grpc-realworld-example/proto/article.pb.gw.go:208.9,210.3 1 0
github.com/raahii/golang-grpc-realworld-example/proto/article.pb.gw.go:212.2,214.16 2 0
github.com/raahii/golang-grpc-realworld-example/proto/article.pb.gw.go:214.16,216.3 1 0
github.com/raahii/golang-grpc-realworld-example/proto/article.pb.gw.go:218.2,219.27 2 0
github.com/raahii/golang-grpc-realworld-example/proto/article.pb.gw.go:223.214,228.17 4 0
github.com/raahii/golang-grpc-realworld-example/proto/article.pb.gw.go:228.17,230.3 1 0
github.com/raahii/golang-grpc-realworld-example/proto/article.pb.gw.go:231.2,231.93 1 0
github.com/raahii/golang-grpc-realworld-example/proto/article.pb.gw.go:231.93,233.3 1 0
github.com/raahii/golang-grpc-realworld-example/proto/article.pb.gw.go:235.2,243.9 3 0
github.com/raahii/golang-grpc-realworld-example/proto/article.pb.gw.go:243.9,245.3 1 0
github.com/raahii/golang-grpc-realworld-example/proto/article.pb.gw.go:247.2,249.16 2 0
github.com/raahii/golang-grpc-realworld-example/proto/article.pb.gw.go:249.16,251.3 1 0
github.com/raahii/golang-grpc-realworld-example/proto/article.pb.gw.go:253.2,254.27 2 0
github.com/raahii/golang-grpc-realworld-example/proto/article.pb.gw.go:258.208,270.9 5 0
github.com/raahii/golang-grpc-realworld-example/proto/article.pb.gw.go:270.9,272.3 1 0
github.com/raahii/golang-grpc-realworld-example/proto/article.pb.gw.go:274.2,276.16 2 0
github.com/raahii/golang-grpc-realworld-example/proto/article.pb.gw.go:276.16,278.3 1 0
github.com/raahii/golang-grpc-realworld-example/proto/article.pb.gw.go:280.2,281.27 2 0
github.com/raahii/golang-grpc-realworld-example/proto/article.pb.gw.go:285.214,297.9 5 0
github.com/raahii/golang-grpc-realworld-example/proto/article.pb.gw.go:297.9,299.3 1 0
github.com/raahii/golang-grpc-realworld-example/proto/article.pb.gw.go:301.2,303.16 2 0
github.com/raahii/golang-grpc-realworld-example/proto/article.pb.gw.go:303.16,305.3 1 0
github.com/raahii/golang-grpc-realworld-example/proto/article.pb.gw.go:307.2,308.27 2 0
github.com/raahii/golang-grpc-realworld-example/proto/article.pb.gw.go:312.210,317.17 4 0
github.com/raahii/golang-grpc-realworld-example/proto/article.pb.gw.go:317.17,319.3 1 0
github.com/raahii/golang-grpc-realworld-example/proto/article.pb.gw.go:320.2,320.93 1 0
github.com/raahii/golang-grpc-realworld-example/proto/article.pb.gw.go:320.93,322.3 1 0
github.com/raahii/golang-grpc-realworld-example/proto/article.pb.gw.go:324.2,332.9 3 0
github.com/raahii/golang-grpc-realworld-example/proto/article.pb.gw.go:332.9,334.3 1 0
github.com/raahii/golang-grpc-realworld-example/proto/article.pb.gw.go:336.2,338.16 2 0
github.com/raahii/golang-grpc-realworld-example/proto/article.pb.gw.go:338.16,340.3 1 0
github.com/raahii/golang-grpc-realworld-example/proto/article.pb.gw.go:342.2,343.27 2 0
github.com/raahii/golang-grpc-realworld-example/proto/article.pb.gw.go:347.216,352.17 4 0
github.com/raahii/golang-grpc-realworld-example/proto/article.pb.gw.go:352.17,354.3 1 0
github.com/raahii/golang-grpc-realworld-example/proto/article.pb.gw.go:355.2,355.93 1 0
github.com/raahii/golang-grpc-realworld-example/proto/article.pb.gw.go:355.93,357.3 1 0
github.com/raahii/golang-grpc-realworld-example/proto/article.pb.gw.go:359.2,367.9 3 0
github.com/raahii/golang-grpc-realworld-example/proto/article.pb.gw.go:367.9,369.3 1 0
github.com/raahii/golang-grpc-realworld-example/proto/article.pb.gw.go:371.2,373.16 2 0
github.com/raahii/golang-grpc-realworld-example/proto/article.pb.gw.go:373.16,375.3 1 0
github.com/raahii/golang-grpc-realworld-example/proto/article.pb.gw.go:377.2,378.27 2 0
github.com/raahii/golang-grpc-realworld-example/proto/article.pb.gw.go:382.212,394.9 5 0
github.com/raahii/golang-grpc-realworld-example/proto/article.pb.gw.go:394.9,396.3 1 0
github.com/raahii/golang-grpc-realworld-example/proto/article.pb.gw.go:398.2,400.16 2 0
github.com/raahii/golang-grpc-realworld-example/proto/article.pb.gw.go:400.16,402.3 1 0
github.com/raahii/golang-grpc-realworld-example/proto/article.pb.gw.go:404.2,405.27 2 0
github.com/raahii/golang-grpc-realworld-example/proto/article.pb.gw.go:409.218,421.9 5 0
github.com/raahii/golang-grpc-realworld-example/proto/article.pb.gw.go:421.9,423.3 1 0
github.com/raahii/golang-grpc-realworld-example/proto/article.pb.gw.go:425.2,427.16 2 0
github.com/raahii/golang-grpc-realworld-example/proto/article.pb.gw.go:427.16,429.3 1 0
github.com/raahii/golang-grpc-realworld-example/proto/article.pb.gw.go:431.2,432.27 2 0
github.com/raahii/golang-grpc-realworld-example/proto/article.pb.gw.go:436.202,443.2 4 0
github.com/raahii/golang-grpc-realworld-example/proto/article.pb.gw.go:445.208,452.2 4 0
github.com/raahii/golang-grpc-realworld-example/proto/article.pb.gw.go:454.208,459.17 4 0
github.com/raahii/golang-grpc-realworld-example/proto/article.pb.gw.go:459.17,461.3 1 0
github.com/raahii/golang-grpc-realworld-example/proto/article.pb.gw.go:462.2,462.93 1 0
github.com/raahii/golang-grpc-realworld-example/proto/article.pb.gw.go:462.93,464.3 1 0
github.com/raahii/golang-grpc-realworld-example/proto/article.pb.gw.go:466.2,474.9 3 0
github.com/raahii/golang-grpc-realworld-example/proto/article.pb.gw.go:474.9,476.3 1 0
github.com/raahii/golang-grpc-realworld-example/proto/article.pb.gw.go:478.2,480.16 2 0
github.com/raahii/golang-grpc-realworld-example/proto/article.pb.gw.go:480.16,482.3 1 0
github.com/raahii/golang-grpc-realworld-example/proto/article.pb.gw.go:484.2,485.27 2 0
github.com/raahii/golang-grpc-realworld-example/proto/article.pb.gw.go:489.214,494.17 4 0
github.com/raahii/golang-grpc-realworld-example/proto/article.pb.gw.go:494.17,496.3 1 0
github.com/raahii/golang-grpc-realworld-example/proto/article.pb.gw.go:497.2,497.93 1 0
github.com/raahii/golang-grpc-realworld-example/proto/article.pb.gw.go:497.93,499.3 1 0
github.com/raahii/golang-grpc-realworld-example/proto/article.pb.gw.go:501.2,509.9 3 0
github.com/raahii/golang-grpc-realworld-example/proto/article.pb.gw.go:509.9,511.3 1 0
github.com/raahii/golang-grpc-realworld-example/proto/article.pb.gw.go:513.2,515.16 2 0
github.com/raahii/golang-grpc-realworld-example/proto/article.pb.gw.go:515.16,517.3 1 0
github.com/raahii/golang-grpc-realworld-example/proto/article.pb.gw.go:519.2,520.27 2 0
github.com/raahii/golang-grpc-realworld-example/proto/article.pb.gw.go:524.206,536.9 5 0
github.com/raahii/golang-grpc-realworld-example/proto/article.pb.gw.go:536.9,538.3 1 0
github.com/raahii/golang-grpc-realworld-example/proto/article.pb.gw.go:540.2,542.16 2 0
github.com/raahii/golang-grpc-realworld-example/proto/article.pb.gw.go:542.16,544.3 1 0
github.com/raahii/golang-grpc-realworld-example/proto/article.pb.gw.go:546.2,547.27 2 0
github.com/raahii/golang-grpc-realworld-example/proto/article.pb.gw.go:551.212,563.9 5 0
github.com/raahii/golang-grpc-realworld-example/proto/article.pb.gw.go:563.9,565.3 1 0
github.com/raahii/golang-grpc-realworld-example/proto/article.pb.gw.go:567.2,569.16 2 0
github.com/raahii/golang-grpc-realworld-example/proto/article.pb.gw.go:569.16,571.3 1 0
github.com/raahii/golang-grpc-realworld-example/proto/article.pb.gw.go:573.2,574.27 2 0
github.com/raahii/golang-grpc-realworld-example/proto/article.pb.gw.go:578.208,590.9 5 0
github.com/raahii/golang-grpc-realworld-example/proto/article.pb.gw.go:590.9,592.3 1 0
github.com/raahii/golang-grpc-realworld-example/proto/article.pb.gw.go:594.2,596.16 2 0
github.com/raahii/golang-grpc-realworld-example/proto/article.pb.gw.go:596.16,598.3 1 0
github.com/raahii/golang-grpc-realworld-example/proto/article.pb.gw.go:600.2,601.9 2 0
github.com/raahii/golang-grpc-realworld-example/proto/article.pb.gw.go:601.9,603.3 1 0
github.com/raahii/golang-grpc-realworld-example/proto/article.pb.gw.go:605.2,607.16 2 0
github.com/raahii/golang-grpc-realworld-example/proto/article.pb.gw.go:607.16,609.3 1 0
github.com/raahii/golang-grpc-realworld-example/proto/article.pb.gw.go:611.2,612.27 2 0
github.com/raahii/golang-grpc-realworld-example/proto/article.pb.gw.go:616.214,628.9 5 0
github.com/raahii/golang-grpc-realworld-example/proto/article.pb.gw.go:628.9,630.3 1 0
github.com/raahii/golang-grpc-realworld-example/proto/article.pb.gw.go:632.2,634.16 2 0
github.com/raahii/golang-grpc-realworld-example/proto/article.pb.gw.go:634.16,636.3 1 0
github.com/raahii/golang-grpc-realworld-example/proto/article.pb.gw.go:638.2,639.9 2 0
github.com/raahii/golang-grpc-realworld-example/proto/article.pb.gw.go:639.9,641.3 1 0
github.com/raahii/golang-grpc-realworld-example/proto/article.pb.gw.go:643.2,645.16 2 0
github.com/raahii/golang-grpc-realworld-example/proto/article.pb.gw.go:645.16,647.3 1 0
github.com/raahii/golang-grpc-realworld-example/proto/article.pb.gw.go:649.2,650.27 2 0
github.com/raahii/golang-grpc-realworld-example/proto/article.pb.gw.go:657.109,659.132 1 0
github.com/raahii/golang-grpc-realworld-example/proto/article.pb.gw.go:659.132,664.17 5 0
[...]
github.com/raahii/golang-grpc-realworld-example/proto/user.pb.go:1362.2,1362.44 1 0
github.com/raahii/golang-grpc-realworld-example/proto/user.pb.gw.go:34.198,39.17 4 0
github.com/raahii/golang-grpc-realworld-example/proto/user.pb.gw.go:39.17,41.3 1 0
github.com/raahii/golang-grpc-realworld-example/proto/user.pb.gw.go:42.2,42.93 1 0
github.com/raahii/golang-grpc-realworld-example/proto/user.pb.gw.go:42.93,44.3 1 0
github.com/raahii/golang-grpc-realworld-example/proto/user.pb.gw.go:46.2,47.27 2 0
github.com/raahii/golang-grpc-realworld-example/proto/user.pb.gw.go:51.204,56.17 4 0
github.com/raahii/golang-grpc-realworld-example/proto/user.pb.gw.go:56.17,58.3 1 0
github.com/raahii/golang-grpc-realworld-example/proto/user.pb.gw.go:59.2,59.93 1 0
github.com/raahii/golang-grpc-realworld-example/proto/user.pb.gw.go:59.93,61.3 1 0
github.com/raahii/golang-grpc-realworld-example/proto/user.pb.gw.go:63.2,64.27 2 0
github.com/raahii/golang-grpc-realworld-example/proto/user.pb.gw.go:68.199,73.17 4 0
github.com/raahii/golang-grpc-realworld-example/proto/user.pb.gw.go:73.17,75.3 1 0
github.com/raahii/golang-grpc-realworld-example/proto/user.pb.gw.go:76.2,76.93 1 0
github.com/raahii/golang-grpc-realworld-example/proto/user.pb.gw.go:76.93,78.3 1 0
github.com/raahii/golang-grpc-realworld-example/proto/user.pb.gw.go:80.2,81.27 2 0
github.com/raahii/golang-grpc-realworld-example/proto/user.pb.gw.go:85.205,90.17 4 0
github.com/raahii/golang-grpc-realworld-example/proto/user.pb.gw.go:90.17,92.3 1 0
github.com/raahii/golang-grpc-realworld-example/proto/user.pb.gw.go:93.2,93.93 1 0
github.com/raahii/golang-grpc-realworld-example/proto/user.pb.gw.go:93.93,95.3 1 0
github.com/raahii/golang-grpc-realworld-example/proto/user.pb.gw.go:97.2,98.27 2 0
github.com/raahii/golang-grpc-realworld-example/proto/user.pb.gw.go:102.200,109.2 4 0
github.com/raahii/golang-grpc-realworld-example/proto/user.pb.gw.go:111.206,118.2 4 0
github.com/raahii/golang-grpc-realworld-example/proto/user.pb.gw.go:120.199,125.17 4 0
github.com/raahii/golang-grpc-realworld-example/proto/user.pb.gw.go:125.17,127.3 1 0
github.com/raahii/golang-grpc-realworld-example/proto/user.pb.gw.go:128.2,128.93 1 0
github.com/raahii/golang-grpc-realworld-example/proto/user.pb.gw.go:128.93,130.3 1 0
github.com/raahii/golang-grpc-realworld-example/proto/user.pb.gw.go:132.2,133.27 2 0
github.com/raahii/golang-grpc-realworld-example/proto/user.pb.gw.go:137.205,142.17 4 0
github.com/raahii/golang-grpc-realworld-example/proto/user.pb.gw.go:142.17,144.3 1 0
github.com/raahii/golang-grpc-realworld-example/proto/user.pb.gw.go:145.2,145.93 1 0
github.com/raahii/golang-grpc-realworld-example/proto/user.pb.gw.go:145.93,147.3 1 0
github.com/raahii/golang-grpc-realworld-example/proto/user.pb.gw.go:149.2,150.27 2 0
github.com/raahii/golang-grpc-realworld-example/proto/user.pb.gw.go:154.200,166.9 5 0
github.com/raahii/golang-grpc-realworld-example/proto/user.pb.gw.go:166.9,168.3 1 0
github.com/raahii/golang-grpc-realworld-example/proto/user.pb.gw.go:170.2,172.16 2 0
github.com/raahii/golang-grpc-realworld-example/proto/user.pb.gw.go:172.16,174.3 1 0
github.com/raahii/golang-grpc-realworld-example/proto/user.pb.gw.go:176.2,177.27 2 0
github.com/raahii/golang-grpc-realworld-example/proto/user.pb.gw.go:181.206,193.9 5 0
github.com/raahii/golang-grpc-realworld-example/proto/user.pb.gw.go:193.9,195.3 1 0
github.com/raahii/golang-grpc-realworld-example/proto/user.pb.gw.go:197.2,199.16 2 0
github.com/raahii/golang-grpc-realworld-example/proto/user.pb.gw.go:199.16,201.3 1 0
github.com/raahii/golang-grpc-realworld-example/proto/user.pb.gw.go:203.2,204.27 2 0
github.com/raahii/golang-grpc-realworld-example/proto/user.pb.gw.go:208.199,213.17 4 0
github.com/raahii/golang-grpc-realworld-example/proto/user.pb.gw.go:213.17,215.3 1 0
github.com/raahii/golang-grpc-realworld-example/proto/user.pb.gw.go:216.2,216.93 1 0
github.com/raahii/golang-grpc-realworld-example/proto/user.pb.gw.go:216.93,218.3 1 0
github.com/raahii/golang-grpc-realworld-example/proto/user.pb.gw.go:220.2,228.9 3 0
github.com/raahii/golang-grpc-realworld-example/proto/user.pb.gw.go:228.9,230.3 1 0
github.com/raahii/golang-grpc-realworld-example/proto/user.pb.gw.go:232.2,234.16 2 0
github.com/raahii/golang-grpc-realworld-example/proto/user.pb.gw.go:234.16,236.3 1 0
github.com/raahii/golang-grpc-realworld-example/proto/user.pb.gw.go:238.2,239.27 2 0
github.com/raahii/golang-grpc-realworld-example/proto/user.pb.gw.go:243.205,248.17 4 0
github.com/raahii/golang-grpc-realworld-example/proto/user.pb.gw.go:248.17,250.3 1 0
github.com/raahii/golang-grpc-realworld-example/proto/user.pb.gw.go:251.2,251.93 1 0
github.com/raahii/golang-grpc-realworld-example/proto/user.pb.gw.go:251.93,253.3 1 0
github.com/raahii/golang-grpc-realworld-example/proto/user.pb.gw.go:255.2,263.9 3 0
github.com/raahii/golang-grpc-realworld-example/proto/user.pb.gw.go:263.9,265.3 1 0
github.com/raahii/golang-grpc-realworld-example/proto/user.pb.gw.go:267.2,269.16 2 0
github.com/raahii/golang-grpc-realworld-example/proto/user.pb.gw.go:269.16,271.3 1 0
github.com/raahii/golang-grpc-realworld-example/proto/user.pb.gw.go:273.2,274.27 2 0
github.com/raahii/golang-grpc-realworld-example/proto/user.pb.gw.go:278.201,290.9 5 0
github.com/raahii/golang-grpc-realworld-example/proto/user.pb.gw.go:290.9,292.3 1 0
github.com/raahii/golang-grpc-realworld-example/proto/user.pb.gw.go:294.2,296.16 2 0
github.com/raahii/golang-grpc-realworld-example/proto/user.pb.gw.go:296.16,298.3 1 0
github.com/raahii/golang-grpc-realworld-example/proto/user.pb.gw.go:300.2,301.27 2 0
github.com/raahii/golang-grpc-realworld-example/proto/user.pb.gw.go:305.207,317.9 5 0
github.com/raahii/golang-grpc-realworld-example/proto/user.pb.gw.go:317.9,319.3 1 0
github.com/raahii/golang-grpc-realworld-example/proto/user.pb.gw.go:321.2,323.16 2 0
github.com/raahii/golang-grpc-realworld-example/proto/user.pb.gw.go:323.16,325.3 1 0
github.com/raahii/golang-grpc-realworld-example/proto/user.pb.gw.go:327.2,328.27 2 0
github.com/raahii/golang-grpc-realworld-example/proto/user.pb.gw.go:335.103,337.125 1 0
github.com/raahii/golang-grpc-realworld-example/proto/user.pb.gw.go:337.125,342.17 5 0
github.com/raahii/golang-grpc-realworld-example/proto/user.pb.gw.go:342.17,345.4 2 0
github.com/raahii/golang-grpc-realworld-example/proto/user.pb.gw.go:346.3,348.17 3 0
github.com/raahii/golang-grpc-realworld-example/proto/user.pb.gw.go:348.17,351.4 2 0
github.com/raahii/golang-grpc-realworld-example/proto/user.pb.gw.go:353.3,353.107 1 0
github.com/raahii/golang-grpc-realworld-example/proto/user.pb.gw.go:357.2,357.126 1 0
github.com/raahii/golang-grpc-realworld-example/proto/user.pb.gw.go:357.126,362.17 5 0
github.com/raahii/golang-grpc-realworld-example/proto/user.pb.gw.go:362.17,365.4 2 0
github.com/raahii/golang-grpc-realworld-example/proto/user.pb.gw.go:366.3,368.17 3 0
github.com/raahii/golang-grpc-realworld-example/proto/user.pb.gw.go:368.17,371.4 2 0
github.com/raahii/golang-grpc-realworld-example/proto/user.pb.gw.go:373.3,373.108 1 0
github.com/raahii/golang-grpc-realworld-example/proto/user.pb.gw.go:377.2,377.126 1 0
github.com/raahii/golang-grpc-realworld-example/proto/user.pb.gw.go:377.126,382.17 5 0
github.com/raahii/golang-grpc-realworld-example/proto/user.pb.gw.go:382.17,385.4 2 0
github.com/raahii/golang-grpc-realworld-example/proto/user.pb.gw.go:386.3,388.17 3 0
github.com/raahii/golang-grpc-realworld-example/proto/user.pb.gw.go:388.17,391.4 2 0
github.com/raahii/golang-grpc-realworld-example/proto/user.pb.gw.go:393.3,393.109 1 0
github.com/raahii/golang-grpc-realworld-example/proto/user.pb.gw.go:397.2,397.125 1 0
github.com/raahii/golang-grpc-realworld-example/proto/user.pb.gw.go:397.125,402.17 5 0
github.com/raahii/golang-grpc-realworld-example/proto/user.pb.gw.go:402.17,405.4 2 0
github.com/raahii/golang-grpc-realworld-example/proto/user.pb.gw.go:406.3,408.17 3 0
github.com/raahii/golang-grpc-realworld-example/proto/user.pb.gw.go:408.17,411.4 2 0
github.com/raahii/golang-grpc-realworld-example/proto/user.pb.gw.go:413.3,413.108 1 0
github.com/raahii/golang-grpc-realworld-example/proto/user.pb.gw.go:417.2,417.126 1 0
github.com/raahii/golang-grpc-realworld-example/proto/user.pb.gw.go:417.126,422.17 5 0
github.com/raahii/golang-grpc-realworld-example/proto/user.pb.gw.go:422.17,425.4 2 0
github.com/raahii/golang-grpc-realworld-example/proto/user.pb.gw.go:426.3,428.17 3 0
github.com/raahii/golang-grpc-realworld-example/proto/user.pb.gw.go:428.17,431.4 2 0
github.com/raahii/golang-grpc-realworld-example/proto/user.pb.gw.go:433.3,433.109 1 0
github.com/raahii/golang-grpc-realworld-example/proto/user.pb.gw.go:437.2,437.126 1 0
github.com/raahii/golang-grpc-realworld-example/proto/user.pb.gw.go:437.126,442.17 5 0
github.com/raahii/golang-grpc-realworld-example/proto/user.pb.gw.go:442.17,445.4 2 0
github.com/raahii/golang-grpc-realworld-example/proto/user.pb.gw.go:446.3,448.17 3 0
github.com/raahii/golang-grpc-realworld-example/proto/user.pb.gw.go:448.17,451.4 2 0
github.com/raahii/golang-grpc-realworld-example/proto/user.pb.gw.go:453.3,453.108 1 0
github.com/raahii/golang-grpc-realworld-example/proto/user.pb.gw.go:457.2,457.130 1 0
github.com/raahii/golang-grpc-realworld-example/proto/user.pb.gw.go:457.130,462.17 5 0
github.com/raahii/golang-grpc-realworld-example/proto/user.pb.gw.go:462.17,465.4 2 0
github.com/raahii/golang-grpc-realworld-example/proto/user.pb.gw.go:466.3,468.17 3 0
github.com/raahii/golang-grpc-realworld-example/proto/user.pb.gw.go:468.17,471.4 2 0
github.com/raahii/golang-grpc-realworld-example/proto/user.pb.gw.go:473.3,473.110 1 0
github.com/raahii/golang-grpc-realworld-example/proto/user.pb.gw.go:477.2,477.12 1 0
github.com/raahii/golang-grpc-realworld-example/proto/user.pb.gw.go:482.136,484.16 2 0
github.com/raahii/golang-grpc-realworld-example/proto/user.pb.gw.go:484.16,486.3 1 0
github.com/raahii/golang-grpc-realworld-example/proto/user.pb.gw.go:487.2,487.15 1 0
github.com/raahii/golang-grpc-realworld-example/proto/user.pb.gw.go:487.15,488.17 1 0
github.com/raahii/golang-grpc-realworld-example/proto/user.pb.gw.go:488.17,489.41 1 0
github.com/raahii/golang-grpc-realworld-example/proto/user.pb.gw.go:489.41,491.5 1 0
github.com/raahii/golang-grpc-realworld-example/proto/user.pb.gw.go:492.4,492.10 1 0
github.com/raahii/golang-grpc-realworld-example/proto/user.pb.gw.go:494.3,494.13 1 0
github.com/raahii/golang-grpc-realworld-example/proto/user.pb.gw.go:494.13,496.41 2 0
github.com/raahii/golang-grpc-realworld-example/proto/user.pb.gw.go:496.41,498.5 1 0
github.com/raahii/golang-grpc-realworld-example/proto/user.pb.gw.go:502.2,502.45 1 0
github.com/raahii/golang-grpc-realworld-example/proto/user.pb.gw.go:507.100,509.2 1 0
github.com/raahii/golang-grpc-realworld-example/proto/user.pb.gw.go:516.103,518.125 1 0
github.com/raahii/golang-grpc-realworld-example/proto/user.pb.gw.go:518.125,523.17 5 0
github.com/raahii/golang-grpc-realworld-example/proto/user.pb.gw.go:523.17,526.4 2 0
github.com/raahii/golang-grpc-realworld-example/proto/user.pb.gw.go:527.3,529.17 3 0
github.com/raahii/golang-grpc-realworld-example/proto/user.pb.gw.go:529.17,532.4 2 0
github.com/raahii/golang-grpc-realworld-example/proto/user.pb.gw.go:534.3,534.107 1 0
github.com/raahii/golang-grpc-realworld-example/proto/user.pb.gw.go:538.2,538.126 1 0
github.com/raahii/golang-grpc-realworld-example/proto/user.pb.gw.go:538.126,543.17 5 0
github.com/raahii/golang-grpc-realworld-example/proto/user.pb.gw.go:543.17,546.4 2 0
github.com/raahii/golang-grpc-realworld-example/proto/user.pb.gw.go:547.3,549.17 3 0
github.com/raahii/golang-grpc-realworld-example/proto/user.pb.gw.go:549.17,552.4 2 0
github.com/raahii/golang-grpc-realworld-example/proto/user.pb.gw.go:554.3,554.108 1 0
github.com/raahii/golang-grpc-realworld-example/proto/user.pb.gw.go:558.2,558.126 1 0
github.com/raahii/golang-grpc-realworld-example/proto/user.pb.gw.go:558.126,563.17 5 0
github.com/raahii/golang-grpc-realworld-example/proto/user.pb.gw.go:563.17,566.4 2 0
github.com/raahii/golang-grpc-realworld-example/proto/user.pb.gw.go:567.3,569.17 3 0
github.com/raahii/golang-grpc-realworld-example/proto/user.pb.gw.go:569.17,572.4 2 0
github.com/raahii/golang-grpc-realworld-example/proto/user.pb.gw.go:574.3,574.109 1 0
github.com/raahii/golang-grpc-realworld-example/proto/user.pb.gw.go:578.2,578.125 1 0
github.com/raahii/golang-grpc-realworld-example/proto/user.pb.gw.go:578.125,583.17 5 0
github.com/raahii/golang-grpc-realworld-example/proto/user.pb.gw.go:583.17,586.4 2 0
github.com/raahii/golang-grpc-realworld-example/proto/user.pb.gw.go:587.3,589.17 3 0
github.com/raahii/golang-grpc-realworld-example/proto/user.pb.gw.go:589.17,592.4 2 0
github.com/raahii/golang-grpc-realworld-example/proto/user.pb.gw.go:594.3,594.108 1 0
github.com/raahii/golang-grpc-realworld-example/proto/user.pb.gw.go:598.2,598.126 1 0
github.com/raahii/golang-grpc-realworld-example/proto/user.pb.gw.go:598.126,603.17 5 0
github.com/raahii/golang-grpc-realworld-example/proto/user.pb.gw.go:603.17,606.4 2 0
github.com/raahii/golang-grpc-realworld-example/proto/user.pb.gw.go:607.3,609.17 3 0
github.com/raahii/golang-grpc-realworld-example/proto/user.pb.gw.go:609.17,612.4 2 0
github.com/raahii/golang-grpc-realworld-example/proto/user.pb.gw.go:614.3,614.109 1 0
github.com/raahii/golang-grpc-realworld-example/proto/user.pb.gw.go:618.2,618.126 1 0
github.com/raahii/golang-grpc-realworld-example/proto/user.pb.gw.go:618.126,623.17 5 0
github.com/raahii/golang-grpc-realworld-example/proto/user.pb.gw.go:623.17,626.4 2 0
github.com/raahii/golang-grpc-realworld-example/proto/user.pb.gw.go:627.3,629.17 3 0
github.com/raahii/golang-grpc-realworld-example/proto/user.pb.gw.go:629.17,632.4 2 0
github.com/raahii/golang-grpc-realworld-example/proto/user.pb.gw.go:634.3,634.108 1 0
github.com/raahii/golang-grpc-realworld-example/proto/user.pb.gw.go:638.2,638.130 1 0
github.com/raahii/golang-grpc-realworld-example/proto/user.pb.gw.go:638.130,643.17 5 0
github.com/raahii/golang-grpc-realworld-example/proto/user.pb.gw.go:643.17,646.4 2 0
github.com/raahii/golang-grpc-realworld-example/proto/user.pb.gw.go:647.3,649.17 3 0
github.com/raahii/golang-grpc-realworld-example/proto/user.pb.gw.go:649.17,652.4 2 0
github.com/raahii/golang-grpc-realworld-example/proto/user.pb.gw.go:654.3,654.110 1 0
github.com/raahii/golang-grpc-realworld-example/proto/user.pb.gw.go:658.2,658.12 1 0
github.com/raahii/golang-grpc-realworld-example/store/article.go:14.49,18.2 1 0
github.com/raahii/golang-grpc-realworld-example/store/article.go:21.65,24.16 3 0
github.com/raahii/golang-grpc-realworld-example/store/article.go:24.16,26.3 1 0
github.com/raahii/golang-grpc-realworld-example/store/article.go:27.2,27.16 1 0
github.com/raahii/golang-grpc-realworld-example/store/article.go:31.55,33.2 1 0
github.com/raahii/golang-grpc-realworld-example/store/article.go:36.55,38.2 1 0
github.com/raahii/golang-grpc-realworld-example/store/article.go:41.133,45.20 2 0
github.com/raahii/golang-grpc-realworld-example/store/article.go:45.20,48.3 1 0
github.com/raahii/golang-grpc-realworld-example/store/article.go:51.2,51.19 1 0
github.com/raahii/golang-grpc-realworld-example/store/article.go:51.19,56.3 1 0
github.com/raahii/golang-grpc-realworld-example/store/article.go:59.2,59.24 1 0
github.com/raahii/golang-grpc-realworld-example/store/article.go:59.24,64.17 2 0
github.com/raahii/golang-grpc-realworld-example/store/article.go:64.17,66.4 1 0
github.com/raahii/golang-grpc-realworld-example/store/article.go:67.3,70.19 3 0
github.com/raahii/golang-grpc-realworld-example/store/article.go:70.19,74.4 3 0
github.com/raahii/golang-grpc-realworld-example/store/article.go:75.3,75.32 1 0
github.com/raahii/golang-grpc-realworld-example/store/article.go:79.2,84.16 4 0
github.com/raahii/golang-grpc-realworld-example/store/article.go:88.102,99.2 5 0
github.com/raahii/golang-grpc-realworld-example/store/article.go:102.55,104.2 1 0
github.com/raahii/golang-grpc-realworld-example/store/article.go:107.83,108.26 1 0
github.com/raahii/golang-grpc-realworld-example/store/article.go:108.26,110.3 1 0
github.com/raahii/golang-grpc-realworld-example/store/article.go:112.2,116.16 3 0
github.com/raahii/golang-grpc-realworld-example/store/article.go:116.16,118.3 1 0
github.com/raahii/golang-grpc-realworld-example/store/article.go:120.2,120.23 1 0
github.com/raahii/golang-grpc-realworld-example/store/article.go:124.75,129.16 3 0
github.com/raahii/golang-grpc-realworld-example/store/article.go:129.16,132.3 2 0
github.com/raahii/golang-grpc-realworld-example/store/article.go:134.2,136.16 2 0
github.com/raahii/golang-grpc-realworld-example/store/article.go:136.16,139.3 2 0
github.com/raahii/golang-grpc-realworld-example/store/article.go:141.2,144.12 3 0
github.com/raahii/golang-grpc-realworld-example/store/article.go:148.78,153.16 3 0
github.com/raahii/golang-grpc-realworld-example/store/article.go:153.16,156.3 2 0
github.com/raahii/golang-grpc-realworld-example/store/article.go:158.2,160.16 2 0
github.com/raahii/golang-grpc-realworld-example/store/article.go:160.16,163.3 2 0
github.com/raahii/golang-grpc-realworld-example/store/article.go:165.2,168.12 3 0
github.com/raahii/golang-grpc-realworld-example/store/article.go:172.55,174.47 2 0
github.com/raahii/golang-grpc-realworld-example/store/article.go:174.47,176.3 1 0
github.com/raahii/golang-grpc-realworld-example/store/article.go:177.2,177.18 1 0
github.com/raahii/golang-grpc-realworld-example/store/article.go:181.62,183.2 1 0
github.com/raahii/golang-grpc-realworld-example/store/article.go:186.79,191.16 3 0
github.com/raahii/golang-grpc-realworld-example/store/article.go:191.16,193.3 1 0
github.com/raahii/golang-grpc-realworld-example/store/article.go:194.2,194.16 1 0
github.com/raahii/golang-grpc-realworld-example/store/article.go:198.72,201.16 3 0
github.com/raahii/golang-grpc-realworld-example/store/article.go:201.16,203.3 1 0
github.com/raahii/golang-grpc-realworld-example/store/article.go:204.2,204.16 1 0
github.com/raahii/golang-grpc-realworld-example/store/article.go:208.62,210.2 1 0
github.com/raahii/golang-grpc-realworld-example/store/user.go:14.43,18.2 1 0
github.com/raahii/golang-grpc-realworld-example/store/user.go:21.67,23.71 2 0
github.com/raahii/golang-grpc-realworld-example/store/user.go:23.71,25.3 1 0
github.com/raahii/golang-grpc-realworld-example/store/user.go:26.2,26.16 1 0
github.com/raahii/golang-grpc-realworld-example/store/user.go:30.59,32.48 2 0
github.com/raahii/golang-grpc-realworld-example/store/user.go:32.48,34.3 1 0
github.com/raahii/golang-grpc-realworld-example/store/user.go:35.2,35.16 1 0
github.com/raahii/golang-grpc-realworld-example/store/user.go:39.73,41.77 2 0
github.com/raahii/golang-grpc-realworld-example/store/user.go:41.77,43.3 1 0
github.com/raahii/golang-grpc-realworld-example/store/user.go:44.2,44.16 1 0
github.com/raahii/golang-grpc-realworld-example/store/user.go:48.49,50.2 1 0
github.com/raahii/golang-grpc-realworld-example/store/user.go:53.49,55.2 1 0
github.com/raahii/golang-grpc-realworld-example/store/user.go:58.77,59.26 1 0
github.com/raahii/golang-grpc-realworld-example/store/user.go:59.26,61.3 1 0
github.com/raahii/golang-grpc-realworld-example/store/user.go:63.2,67.16 3 0
github.com/raahii/golang-grpc-realworld-example/store/user.go:67.16,69.3 1 0
github.com/raahii/golang-grpc-realworld-example/store/user.go:71.2,71.23 1 0
github.com/raahii/golang-grpc-realworld-example/store/user.go:75.64,77.2 1 0
github.com/raahii/golang-grpc-realworld-example/store/user.go:80.66,82.2 1 0
github.com/raahii/golang-grpc-realworld-example/store/user.go:85.72,90.16 2 0
github.com/raahii/golang-grpc-realworld-example/store/user.go:90.16,92.3 1 0
github.com/raahii/golang-grpc-realworld-example/store/user.go:93.2,96.18 3 0
github.com/raahii/golang-grpc-realworld-example/store/user.go:96.18,100.3 3 0
github.com/raahii/golang-grpc-realworld-example/store/user.go:102.2,102.17 1 0
